<?xml version="1.0" encoding="UTF-8"?>
<testsuite xmlns:xsi="http://www.w3.org/2001/XMLSchema-instance" xsi:noNamespaceSchemaLocation="https://maven.apache.org/surefire/maven-surefire-plugin/xsd/surefire-test-report-3.0.xsd" version="3.0" name="StressTest" time="0.182" tests="36" errors="0" skipped="0" failures="0">
  <properties>
    <property name="sun.desktop" value="windows"/>
    <property name="awt.toolkit" value="sun.awt.windows.WToolkit"/>
    <property name="file.encoding.pkg" value="sun.io"/>
    <property name="java.specification.version" value="1.8"/>
    <property name="sun.cpu.isalist" value="pentium_pro+mmx pentium_pro pentium+mmx pentium i486 i386 i86"/>
    <property name="sun.jnu.encoding" value="GBK"/>
    <property name="java.class.path" value="C:\Users\Administrator\Desktop\assign251_2\target\test-classes;C:\Users\Administrator\Desktop\assign251_2\target\classes;E:\Maven\apache-maven-3.9.4\maven_repository\log4j\log4j\1.2.17\log4j-1.2.17.jar;E:\Maven\apache-maven-3.9.4\maven_repository\junit\junit\4.13.2\junit-4.13.2.jar;E:\Maven\apache-maven-3.9.4\maven_repository\org\hamcrest\hamcrest-core\1.3\hamcrest-core-1.3.jar;E:\Maven\apache-maven-3.9.4\maven_repository\org\apache\velocity\velocity-engine-core\2.2\velocity-engine-core-2.2.jar;E:\Maven\apache-maven-3.9.4\maven_repository\org\apache\commons\commons-lang3\3.9\commons-lang3-3.9.jar;E:\Maven\apache-maven-3.9.4\maven_repository\org\slf4j\slf4j-api\1.7.30\slf4j-api-1.7.30.jar;E:\Maven\apache-maven-3.9.4\maven_repository\org\junit\jupiter\junit-jupiter-params\5.8.1\junit-jupiter-params-5.8.1.jar;E:\Maven\apache-maven-3.9.4\maven_repository\org\junit\jupiter\junit-jupiter-api\5.8.1\junit-jupiter-api-5.8.1.jar;E:\Maven\apache-maven-3.9.4\maven_repository\org\opentest4j\opentest4j\1.2.0\opentest4j-1.2.0.jar;E:\Maven\apache-maven-3.9.4\maven_repository\org\junit\platform\junit-platform-commons\1.8.1\junit-platform-commons-1.8.1.jar;E:\Maven\apache-maven-3.9.4\maven_repository\org\apiguardian\apiguardian-api\1.1.2\apiguardian-api-1.1.2.jar;E:\Maven\apache-maven-3.9.4\maven_repository\org\jacoco\jacoco-maven-plugin\0.8.7\jacoco-maven-plugin-0.8.7.jar;E:\Maven\apache-maven-3.9.4\maven_repository\org\apache\maven\maven-plugin-api\3.0\maven-plugin-api-3.0.jar;E:\Maven\apache-maven-3.9.4\maven_repository\org\apache\maven\maven-model\3.0\maven-model-3.0.jar;E:\Maven\apache-maven-3.9.4\maven_repository\org\apache\maven\maven-artifact\3.0\maven-artifact-3.0.jar;E:\Maven\apache-maven-3.9.4\maven_repository\org\sonatype\sisu\sisu-inject-plexus\1.4.2\sisu-inject-plexus-1.4.2.jar;E:\Maven\apache-maven-3.9.4\maven_repository\org\sonatype\sisu\sisu-inject-bean\1.4.2\sisu-inject-bean-1.4.2.jar;E:\Maven\apache-maven-3.9.4\maven_repository\org\sonatype\sisu\sisu-guice\2.1.7\sisu-guice-2.1.7-noaop.jar;E:\Maven\apache-maven-3.9.4\maven_repository\org\apache\maven\maven-core\3.0\maven-core-3.0.jar;E:\Maven\apache-maven-3.9.4\maven_repository\org\apache\maven\maven-settings\3.0\maven-settings-3.0.jar;E:\Maven\apache-maven-3.9.4\maven_repository\org\apache\maven\maven-settings-builder\3.0\maven-settings-builder-3.0.jar;E:\Maven\apache-maven-3.9.4\maven_repository\org\apache\maven\maven-repository-metadata\3.0\maven-repository-metadata-3.0.jar;E:\Maven\apache-maven-3.9.4\maven_repository\org\apache\maven\maven-model-builder\3.0\maven-model-builder-3.0.jar;E:\Maven\apache-maven-3.9.4\maven_repository\org\apache\maven\maven-aether-provider\3.0\maven-aether-provider-3.0.jar;E:\Maven\apache-maven-3.9.4\maven_repository\org\sonatype\aether\aether-impl\1.7\aether-impl-1.7.jar;E:\Maven\apache-maven-3.9.4\maven_repository\org\sonatype\aether\aether-spi\1.7\aether-spi-1.7.jar;E:\Maven\apache-maven-3.9.4\maven_repository\org\sonatype\aether\aether-api\1.7\aether-api-1.7.jar;E:\Maven\apache-maven-3.9.4\maven_repository\org\sonatype\aether\aether-util\1.7\aether-util-1.7.jar;E:\Maven\apache-maven-3.9.4\maven_repository\org\codehaus\plexus\plexus-interpolation\1.14\plexus-interpolation-1.14.jar;E:\Maven\apache-maven-3.9.4\maven_repository\org\codehaus\plexus\plexus-classworlds\2.2.3\plexus-classworlds-2.2.3.jar;E:\Maven\apache-maven-3.9.4\maven_repository\org\codehaus\plexus\plexus-component-annotations\1.5.5\plexus-component-annotations-1.5.5.jar;E:\Maven\apache-maven-3.9.4\maven_repository\org\sonatype\plexus\plexus-sec-dispatcher\1.3\plexus-sec-dispatcher-1.3.jar;E:\Maven\apache-maven-3.9.4\maven_repository\org\sonatype\plexus\plexus-cipher\1.4\plexus-cipher-1.4.jar;E:\Maven\apache-maven-3.9.4\maven_repository\org\codehaus\plexus\plexus-utils\3.0.22\plexus-utils-3.0.22.jar;E:\Maven\apache-maven-3.9.4\maven_repository\org\apache\maven\shared\file-management\1.2.1\file-management-1.2.1.jar;E:\Maven\apache-maven-3.9.4\maven_repository\org\apache\maven\shared\maven-shared-io\1.1\maven-shared-io-1.1.jar;E:\Maven\apache-maven-3.9.4\maven_repository\org\apache\maven\maven-artifact-manager\2.0.2\maven-artifact-manager-2.0.2.jar;E:\Maven\apache-maven-3.9.4\maven_repository\org\apache\maven\wagon\wagon-provider-api\1.0-alpha-6\wagon-provider-api-1.0-alpha-6.jar;E:\Maven\apache-maven-3.9.4\maven_repository\org\codehaus\plexus\plexus-container-default\1.0-alpha-9\plexus-container-default-1.0-alpha-9.jar;E:\Maven\apache-maven-3.9.4\maven_repository\classworlds\classworlds\1.1-alpha-2\classworlds-1.1-alpha-2.jar;E:\Maven\apache-maven-3.9.4\maven_repository\org\apache\maven\reporting\maven-reporting-api\3.0\maven-reporting-api-3.0.jar;E:\Maven\apache-maven-3.9.4\maven_repository\org\apache\maven\doxia\doxia-sink-api\1.0\doxia-sink-api-1.0.jar;E:\Maven\apache-maven-3.9.4\maven_repository\org\jacoco\org.jacoco.agent\0.8.7\org.jacoco.agent-0.8.7-runtime.jar;E:\Maven\apache-maven-3.9.4\maven_repository\org\jacoco\org.jacoco.core\0.8.7\org.jacoco.core-0.8.7.jar;E:\Maven\apache-maven-3.9.4\maven_repository\org\ow2\asm\asm\9.1\asm-9.1.jar;E:\Maven\apache-maven-3.9.4\maven_repository\org\ow2\asm\asm-commons\9.1\asm-commons-9.1.jar;E:\Maven\apache-maven-3.9.4\maven_repository\org\ow2\asm\asm-analysis\9.1\asm-analysis-9.1.jar;E:\Maven\apache-maven-3.9.4\maven_repository\org\ow2\asm\asm-tree\9.1\asm-tree-9.1.jar;E:\Maven\apache-maven-3.9.4\maven_repository\org\jacoco\org.jacoco.report\0.8.7\org.jacoco.report-0.8.7.jar;E:\Maven\apache-maven-3.9.4\maven_repository\ch\qos\logback\logback-core\1.1.2\logback-core-1.1.2.jar;E:\Maven\apache-maven-3.9.4\maven_repository\org\projectlombok\lombok\1.18.30\lombok-1.18.30.jar;"/>
    <property name="java.vm.vendor" value="Oracle Corporation"/>
    <property name="sun.arch.data.model" value="32"/>
    <property name="user.variant" value=""/>
    <property name="java.vendor.url" value="http://java.oracle.com/"/>
    <property name="user.timezone" value="Asia/Shanghai"/>
    <property name="java.vm.specification.version" value="1.8"/>
    <property name="os.name" value="Windows 10"/>
    <property name="user.country" value="CN"/>
    <property name="sun.java.launcher" value="SUN_STANDARD"/>
    <property name="sun.boot.library.path" value="C:\IDEA旗舰版\jdk-1.8\jre\bin"/>
    <property name="sun.java.command" value="C:\Users\Administrator\AppData\Local\Temp\surefire2854358787614600064\surefirebooter-20231119155514902_3.jar C:\Users\Administrator\AppData\Local\Temp\surefire2854358787614600064 2023-11-19T15-55-14_438-jvmRun1 surefire-20231119155514902_1tmp surefire_0-20231119155514902_2tmp"/>
    <property name="surefire.test.class.path" value="C:\Users\Administrator\Desktop\assign251_2\target\test-classes;C:\Users\Administrator\Desktop\assign251_2\target\classes;E:\Maven\apache-maven-3.9.4\maven_repository\log4j\log4j\1.2.17\log4j-1.2.17.jar;E:\Maven\apache-maven-3.9.4\maven_repository\junit\junit\4.13.2\junit-4.13.2.jar;E:\Maven\apache-maven-3.9.4\maven_repository\org\hamcrest\hamcrest-core\1.3\hamcrest-core-1.3.jar;E:\Maven\apache-maven-3.9.4\maven_repository\org\apache\velocity\velocity-engine-core\2.2\velocity-engine-core-2.2.jar;E:\Maven\apache-maven-3.9.4\maven_repository\org\apache\commons\commons-lang3\3.9\commons-lang3-3.9.jar;E:\Maven\apache-maven-3.9.4\maven_repository\org\slf4j\slf4j-api\1.7.30\slf4j-api-1.7.30.jar;E:\Maven\apache-maven-3.9.4\maven_repository\org\junit\jupiter\junit-jupiter-params\5.8.1\junit-jupiter-params-5.8.1.jar;E:\Maven\apache-maven-3.9.4\maven_repository\org\junit\jupiter\junit-jupiter-api\5.8.1\junit-jupiter-api-5.8.1.jar;E:\Maven\apache-maven-3.9.4\maven_repository\org\opentest4j\opentest4j\1.2.0\opentest4j-1.2.0.jar;E:\Maven\apache-maven-3.9.4\maven_repository\org\junit\platform\junit-platform-commons\1.8.1\junit-platform-commons-1.8.1.jar;E:\Maven\apache-maven-3.9.4\maven_repository\org\apiguardian\apiguardian-api\1.1.2\apiguardian-api-1.1.2.jar;E:\Maven\apache-maven-3.9.4\maven_repository\org\jacoco\jacoco-maven-plugin\0.8.7\jacoco-maven-plugin-0.8.7.jar;E:\Maven\apache-maven-3.9.4\maven_repository\org\apache\maven\maven-plugin-api\3.0\maven-plugin-api-3.0.jar;E:\Maven\apache-maven-3.9.4\maven_repository\org\apache\maven\maven-model\3.0\maven-model-3.0.jar;E:\Maven\apache-maven-3.9.4\maven_repository\org\apache\maven\maven-artifact\3.0\maven-artifact-3.0.jar;E:\Maven\apache-maven-3.9.4\maven_repository\org\sonatype\sisu\sisu-inject-plexus\1.4.2\sisu-inject-plexus-1.4.2.jar;E:\Maven\apache-maven-3.9.4\maven_repository\org\sonatype\sisu\sisu-inject-bean\1.4.2\sisu-inject-bean-1.4.2.jar;E:\Maven\apache-maven-3.9.4\maven_repository\org\sonatype\sisu\sisu-guice\2.1.7\sisu-guice-2.1.7-noaop.jar;E:\Maven\apache-maven-3.9.4\maven_repository\org\apache\maven\maven-core\3.0\maven-core-3.0.jar;E:\Maven\apache-maven-3.9.4\maven_repository\org\apache\maven\maven-settings\3.0\maven-settings-3.0.jar;E:\Maven\apache-maven-3.9.4\maven_repository\org\apache\maven\maven-settings-builder\3.0\maven-settings-builder-3.0.jar;E:\Maven\apache-maven-3.9.4\maven_repository\org\apache\maven\maven-repository-metadata\3.0\maven-repository-metadata-3.0.jar;E:\Maven\apache-maven-3.9.4\maven_repository\org\apache\maven\maven-model-builder\3.0\maven-model-builder-3.0.jar;E:\Maven\apache-maven-3.9.4\maven_repository\org\apache\maven\maven-aether-provider\3.0\maven-aether-provider-3.0.jar;E:\Maven\apache-maven-3.9.4\maven_repository\org\sonatype\aether\aether-impl\1.7\aether-impl-1.7.jar;E:\Maven\apache-maven-3.9.4\maven_repository\org\sonatype\aether\aether-spi\1.7\aether-spi-1.7.jar;E:\Maven\apache-maven-3.9.4\maven_repository\org\sonatype\aether\aether-api\1.7\aether-api-1.7.jar;E:\Maven\apache-maven-3.9.4\maven_repository\org\sonatype\aether\aether-util\1.7\aether-util-1.7.jar;E:\Maven\apache-maven-3.9.4\maven_repository\org\codehaus\plexus\plexus-interpolation\1.14\plexus-interpolation-1.14.jar;E:\Maven\apache-maven-3.9.4\maven_repository\org\codehaus\plexus\plexus-classworlds\2.2.3\plexus-classworlds-2.2.3.jar;E:\Maven\apache-maven-3.9.4\maven_repository\org\codehaus\plexus\plexus-component-annotations\1.5.5\plexus-component-annotations-1.5.5.jar;E:\Maven\apache-maven-3.9.4\maven_repository\org\sonatype\plexus\plexus-sec-dispatcher\1.3\plexus-sec-dispatcher-1.3.jar;E:\Maven\apache-maven-3.9.4\maven_repository\org\sonatype\plexus\plexus-cipher\1.4\plexus-cipher-1.4.jar;E:\Maven\apache-maven-3.9.4\maven_repository\org\codehaus\plexus\plexus-utils\3.0.22\plexus-utils-3.0.22.jar;E:\Maven\apache-maven-3.9.4\maven_repository\org\apache\maven\shared\file-management\1.2.1\file-management-1.2.1.jar;E:\Maven\apache-maven-3.9.4\maven_repository\org\apache\maven\shared\maven-shared-io\1.1\maven-shared-io-1.1.jar;E:\Maven\apache-maven-3.9.4\maven_repository\org\apache\maven\maven-artifact-manager\2.0.2\maven-artifact-manager-2.0.2.jar;E:\Maven\apache-maven-3.9.4\maven_repository\org\apache\maven\wagon\wagon-provider-api\1.0-alpha-6\wagon-provider-api-1.0-alpha-6.jar;E:\Maven\apache-maven-3.9.4\maven_repository\org\codehaus\plexus\plexus-container-default\1.0-alpha-9\plexus-container-default-1.0-alpha-9.jar;E:\Maven\apache-maven-3.9.4\maven_repository\classworlds\classworlds\1.1-alpha-2\classworlds-1.1-alpha-2.jar;E:\Maven\apache-maven-3.9.4\maven_repository\org\apache\maven\reporting\maven-reporting-api\3.0\maven-reporting-api-3.0.jar;E:\Maven\apache-maven-3.9.4\maven_repository\org\apache\maven\doxia\doxia-sink-api\1.0\doxia-sink-api-1.0.jar;E:\Maven\apache-maven-3.9.4\maven_repository\org\jacoco\org.jacoco.agent\0.8.7\org.jacoco.agent-0.8.7-runtime.jar;E:\Maven\apache-maven-3.9.4\maven_repository\org\jacoco\org.jacoco.core\0.8.7\org.jacoco.core-0.8.7.jar;E:\Maven\apache-maven-3.9.4\maven_repository\org\ow2\asm\asm\9.1\asm-9.1.jar;E:\Maven\apache-maven-3.9.4\maven_repository\org\ow2\asm\asm-commons\9.1\asm-commons-9.1.jar;E:\Maven\apache-maven-3.9.4\maven_repository\org\ow2\asm\asm-analysis\9.1\asm-analysis-9.1.jar;E:\Maven\apache-maven-3.9.4\maven_repository\org\ow2\asm\asm-tree\9.1\asm-tree-9.1.jar;E:\Maven\apache-maven-3.9.4\maven_repository\org\jacoco\org.jacoco.report\0.8.7\org.jacoco.report-0.8.7.jar;E:\Maven\apache-maven-3.9.4\maven_repository\ch\qos\logback\logback-core\1.1.2\logback-core-1.1.2.jar;E:\Maven\apache-maven-3.9.4\maven_repository\org\projectlombok\lombok\1.18.30\lombok-1.18.30.jar;"/>
    <property name="sun.cpu.endian" value="little"/>
    <property name="user.home" value="C:\Users\Administrator"/>
    <property name="user.language" value="zh"/>
    <property name="java.specification.vendor" value="Oracle Corporation"/>
    <property name="java.home" value="C:\IDEA旗舰版\jdk-1.8\jre"/>
    <property name="basedir" value="C:\Users\Administrator\Desktop\assign251_2"/>
    <property name="file.separator" value="\"/>
    <property name="line.separator" value="&#10;"/>
    <property name="java.vm.specification.vendor" value="Oracle Corporation"/>
    <property name="java.specification.name" value="Java Platform API Specification"/>
    <property name="java.awt.graphicsenv" value="sun.awt.Win32GraphicsEnvironment"/>
    <property name="surefire.real.class.path" value="C:\Users\Administrator\AppData\Local\Temp\surefire2854358787614600064\surefirebooter-20231119155514902_3.jar;E:\\Maven\\apache-maven-3.9.4\\maven_repository\\org\\jacoco\\org.jacoco.agent\\0.8.7\\org.jacoco.agent-0.8.7-runtime.jar"/>
    <property name="sun.boot.class.path" value="C:\IDEA旗舰版\jdk-1.8\jre\lib\resources.jar;C:\IDEA旗舰版\jdk-1.8\jre\lib\rt.jar;C:\IDEA旗舰版\jdk-1.8\jre\lib\jsse.jar;C:\IDEA旗舰版\jdk-1.8\jre\lib\jce.jar;C:\IDEA旗舰版\jdk-1.8\jre\lib\charsets.jar;C:\IDEA旗舰版\jdk-1.8\jre\lib\jfr.jar;C:\IDEA旗舰版\jdk-1.8\jre\classes"/>
    <property name="user.script" value=""/>
    <property name="sun.management.compiler" value="HotSpot Client Compiler"/>
    <property name="java.runtime.version" value="1.8.0_371-b11"/>
    <property name="user.name" value="Administrator"/>
    <property name="path.separator" value=";"/>
    <property name="os.version" value="10.0"/>
    <property name="java.endorsed.dirs" value="C:\IDEA旗舰版\jdk-1.8\jre\lib\endorsed"/>
    <property name="java.runtime.name" value="Java(TM) SE Runtime Environment"/>
    <property name="file.encoding" value="GBK"/>
    <property name="java.vm.name" value="Java HotSpot(TM) Client VM"/>
    <property name="localRepository" value="E:\Maven\apache-maven-3.9.4\maven_repository"/>
    <property name="java.vendor.url.bug" value="http://bugreport.sun.com/bugreport/"/>
    <property name="java.io.tmpdir" value="C:\Users\ADMINI~1\AppData\Local\Temp\"/>
    <property name="idea.version" value="2022.3.2"/>
    <property name="java.version" value="1.8.0_371"/>
    <property name="user.dir" value="C:\Users\Administrator\Desktop\assign251_2"/>
    <property name="os.arch" value="x86"/>
    <property name="java.vm.specification.name" value="Java Virtual Machine Specification"/>
    <property name="java.awt.printerjob" value="sun.awt.windows.WPrinterJob"/>
    <property name="sun.os.patch.level" value=""/>
    <property name="java.library.path" value="C:\IDEA旗舰版\jdk-1.8\jre\bin;C:\Windows\Sun\Java\bin;C:\Windows\system32;C:\Windows;%Java-home%\bin;%Java-home%\ver\bin;C:\Program Files\Common Files\Oracle\Java\javapath;C:\Program Files (x86)\Common Files\Intel\Shared Libraries\redist\intel64\compiler;C:\Windows\system32;C:\Windows;C:\Windows\System32\Wbem;C:\Windows\System32\WindowsPowerShell\v1.0\;C:\Windows\System32\OpenSSH\;%CATALINA_HOME%\bin;C:\Program Files\Git\cmd;C:\Program Files\Git\bin;E:\Maven\apache-maven-3.9.4\bin;E:\idea2020-1\jdk-14\bin;C:\Program Files\Microsoft SQL Server\150\Tools\Binn\;C:\Program Files\Microsoft SQL Server\Client SDK\ODBC\170\Tools\Binn\;C:\Program Files\dotnet\;C:\Users\Administrator\AppData\Local\Microsoft\WindowsApps;D:\CLion\CLion 2023.1.3\bin;;E:\compiler\mingw64\bin;;C:\IDEA旗舰版\IntelliJ IDEA 2023.1.3\bin;;C:\Users\Administrator\.dotnet\tools;."/>
    <property name="java.vm.info" value="mixed mode"/>
    <property name="java.vendor" value="Oracle Corporation"/>
    <property name="java.vm.version" value="25.371-b11"/>
    <property name="java.specification.maintenance.version" value="4"/>
    <property name="java.ext.dirs" value="C:\IDEA旗舰版\jdk-1.8\jre\lib\ext;C:\Windows\Sun\Java\lib\ext"/>
    <property name="sun.io.unicode.encoding" value="UnicodeLittle"/>
    <property name="maven.repo.local" value="E:\Maven\apache-maven-3.9.4\maven_repository"/>
    <property name="java.class.version" value="52.0"/>
  </properties>
  <testcase name="memAppenderWithArrayListTest[0]" classname="StressTest" time="0.01"/>
  <testcase name="consoleAppenderTest[0]" classname="StressTest" time="0.055">
    <system-out><![CDATA[main---StressTest---debugmain---StressTest---debugmain---StressTest---debugmain---StressTest---debugmain---StressTest---debugmain---StressTest---debugmain---StressTest---debugmain---StressTest---debugmain---StressTest---debugmain---StressTest---debugmain---StressTest---debugmain---StressTest---debugmain---StressTest---debugmain---StressTest---debugmain---StressTest---debugmain---StressTest---debugmain---StressTest---debugmain---StressTest---debugmain---StressTest---debugmain---StressTest---debugmain---StressTest---debugmain---StressTest---debugmain---StressTest---debugmain---StressTest---debugmain---StressTest---debugmain---StressTest---debugmain---StressTest---debugmain---StressTest---debugmain---StressTest---debugmain---StressTest---debugmain---StressTest---debugmain---StressTest---debugmain---StressTest---debugmain---StressTest---debugmain---StressTest---debugmain---StressTest---debugmain---StressTest---debugmain---StressTest---debugmain---StressTest---debugmain---StressTest---debugmain---StressTest---debugmain---StressTest---debugmain---StressTest---debugmain---StressTest---debugmain---StressTest---debugmain---StressTest---debugmain---StressTest---debugmain---StressTest---debugmain---StressTest---debugmain---StressTest---debugmain---StressTest---debugmain---StressTest---debugmain---StressTest---debugmain---StressTest---debugmain---StressTest---debugmain---StressTest---debugmain---StressTest---debugmain---StressTest---debugmain---StressTest---debugmain---StressTest---debugmain---StressTest---debugmain---StressTest---debugmain---StressTest---debugmain---StressTest---debugmain---StressTest---debugmain---StressTest---debugmain---StressTest---debugmain---StressTest---debugmain---StressTest---debugmain---StressTest---debugmain---StressTest---debugmain---StressTest---debugmain---StressTest---debugmain---StressTest---debugmain---StressTest---debugmain---StressTest---debugmain---StressTest---debugmain---StressTest---debugmain---StressTest---debugmain---StressTest---debugmain---StressTest---debugmain---StressTest---debugmain---StressTest---debugmain---StressTest---debugmain---StressTest---debugmain---StressTest---debugmain---StressTest---debugmain---StressTest---debugmain---StressTest---debugmain---StressTest---debugmain---StressTest---debugmain---StressTest---debugmain---StressTest---debugmain---StressTest---debugmain---StressTest---debugmain---StressTest---debugmain---StressTest---debugmain---StressTest---debugmain---StressTest---debugmain---StressTest---debugmain---StressTest---debugmain---StressTest---debugmain---StressTest---debugmain---StressTest---debugmain---StressTest---debugmain---StressTest---debugmain---StressTest---debugmain---StressTest---debugmain---StressTest---debugmain---StressTest---debugmain---StressTest---debugmain---StressTest---debugmain---StressTest---debugmain---StressTest---debugmain---StressTest---debugmain---StressTest---debugmain---StressTest---debugmain---StressTest---debugmain---StressTest---debugmain---StressTest---debugmain---StressTest---debugmain---StressTest---debugmain---StressTest---debugmain---StressTest---debugmain---StressTest---debugmain---StressTest---debugmain---StressTest---debugmain---StressTest---debugmain---StressTest---debugmain---StressTest---debugmain---StressTest---debugmain---StressTest---debugmain---StressTest---debugmain---StressTest---debugmain---StressTest---debugmain---StressTest---debugmain---StressTest---debugmain---StressTest---debugmain---StressTest---debugmain---StressTest---debugmain---StressTest---debugmain---StressTest---debugmain---StressTest---debugmain---StressTest---debugmain---StressTest---debugmain---StressTest---debugmain---StressTest---debugmain---StressTest---debugmain---StressTest---debugmain---StressTest---debugmain---StressTest---debugmain---StressTest---debugmain---StressTest---debugmain---StressTest---debugmain---StressTest---debugmain---StressTest---debugmain---StressTest---debugmain---StressTest---debugmain---StressTest---debugmain---StressTest---debugmain---StressTest---debugmain---StressTest---debugmain---StressTest---debugmain---StressTest---debugmain---StressTest---debugmain---StressTest---debugmain---StressTest---debugmain---StressTest---debugmain---StressTest---debugmain---StressTest---debugmain---StressTest---debugmain---StressTest---debugmain---StressTest---debugmain---StressTest---debugmain---StressTest---debugmain---StressTest---debugmain---StressTest---debugmain---StressTest---debugmain---StressTest---debugmain---StressTest---debugmain---StressTest---debugmain---StressTest---debugmain---StressTest---debugmain---StressTest---debugmain---StressTest---debugmain---StressTest---debugmain---StressTest---debugmain---StressTest---debugmain---StressTest---debugmain---StressTest---debugmain---StressTest---debugmain---StressTest---debugmain---StressTest---debugmain---StressTest---debugmain---StressTest---debugmain---StressTest---debugmain---StressTest---debugmain---StressTest---debugmain---StressTest---debugmain---StressTest---debugmain---StressTest---debugmain---StressTest---debugmain---StressTest---debugmain---StressTest---debugmain---StressTest---debugmain---StressTest---debugmain---StressTest---debugmain---StressTest---debugmain---StressTest---debugmain---StressTest---debugmain---StressTest---debugmain---StressTest---debugmain---StressTest---debugmain---StressTest---debugmain---StressTest---debugmain---StressTest---debugmain---StressTest---debugmain---StressTest---debugmain---StressTest---debugmain---StressTest---debugmain---StressTest---debugmain---StressTest---debugmain---StressTest---debugmain---StressTest---debugmain---StressTest---debugmain---StressTest---debugmain---StressTest---debugmain---StressTest---debugmain---StressTest---debugmain---StressTest---debugmain---StressTest---debugmain---StressTest---debugmain---StressTest---debugmain---StressTest---debugmain---StressTest---debugmain---StressTest---debugmain---StressTest---debugmain---StressTest---debugmain---StressTest---debugmain---StressTest---debugmain---StressTest---debugmain---StressTest---debugmain---StressTest---debugmain---StressTest---debugmain---StressTest---debugmain---StressTest---debugmain---StressTest---debugmain---StressTest---debugmain---StressTest---debugmain---StressTest---debugmain---StressTest---debugmain---StressTest---debugmain---StressTest---debugmain---StressTest---debugmain---StressTest---debugmain---StressTest---debugmain---StressTest---debugmain---StressTest---debugmain---StressTest---debugmain---StressTest---debugmain---StressTest---debugmain---StressTest---debugmain---StressTest---debugmain---StressTest---debugmain---StressTest---debugmain---StressTest---debugmain---StressTest---debugmain---StressTest---debugmain---StressTest---debugmain---StressTest---debugmain---StressTest---debugmain---StressTest---debugmain---StressTest---debugmain---StressTest---debugmain---StressTest---debugmain---StressTest---debugmain---StressTest---debugmain---StressTest---debugmain---StressTest---debugmain---StressTest---debugmain---StressTest---debugmain---StressTest---debugmain---StressTest---debugmain---StressTest---debugmain---StressTest---debugmain---StressTest---debugmain---StressTest---debugmain---StressTest---debugmain---StressTest---debugmain---StressTest---debugmain---StressTest---debugmain---StressTest---debugmain---StressTest---debugmain---StressTest---debugmain---StressTest---debugmain---StressTest---debugmain---StressTest---debugmain---StressTest---debugmain---StressTest---debugmain---StressTest---debugmain---StressTest---debugmain---StressTest---debugmain---StressTest---debugmain---StressTest---debugmain---StressTest---debugmain---StressTest---debugmain---StressTest---debugmain---StressTest---debugmain---StressTest---debugmain---StressTest---debugmain---StressTest---debugmain---StressTest---debugmain---StressTest---debugmain---StressTest---debugmain---StressTest---debugmain---StressTest---debugmain---StressTest---debugmain---StressTest---debugmain---StressTest---debugmain---StressTest---debugmain---StressTest---debugmain---StressTest---debugmain---StressTest---debugmain---StressTest---debugmain---StressTest---debugmain---StressTest---debugmain---StressTest---debugmain---StressTest---debugmain---StressTest---debugmain---StressTest---debugmain---StressTest---debugmain---StressTest---debugmain---StressTest---debugmain---StressTest---debugmain---StressTest---debugmain---StressTest---debugmain---StressTest---debugmain---StressTest---debugmain---StressTest---debugmain---StressTest---debugmain---StressTest---debugmain---StressTest---debugmain---StressTest---debugmain---StressTest---debugmain---StressTest---debugmain---StressTest---debugmain---StressTest---debugmain---StressTest---debugmain---StressTest---debugmain---StressTest---debugmain---StressTest---debugmain---StressTest---debugmain---StressTest---debugmain---StressTest---debugmain---StressTest---debugmain---StressTest---debugmain---StressTest---debugmain---StressTest---debugmain---StressTest---debugmain---StressTest---debugmain---StressTest---debugmain---StressTest---debugmain---StressTest---debugmain---StressTest---debugmain---StressTest---debugmain---StressTest---debugmain---StressTest---debugmain---StressTest---debugmain---StressTest---debugmain---StressTest---debugmain---StressTest---debugmain---StressTest---debugmain---StressTest---debugmain---StressTest---debugmain---StressTest---debugmain---StressTest---debugmain---StressTest---debugmain---StressTest---debugmain---StressTest---debugmain---StressTest---debugmain---StressTest---debugmain---StressTest---debugmain---StressTest---debugmain---StressTest---debugmain---StressTest---debugmain---StressTest---debugmain---StressTest---debugmain---StressTest---debugmain---StressTest---debugmain---StressTest---debugmain---StressTest---debugmain---StressTest---debugmain---StressTest---debugmain---StressTest---debugmain---StressTest---debugmain---StressTest---debugmain---StressTest---debugmain---StressTest---debugmain---StressTest---debugmain---StressTest---debugmain---StressTest---debugmain---StressTest---debugmain---StressTest---debugmain---StressTest---debugmain---StressTest---debugmain---StressTest---debugmain---StressTest---debugmain---StressTest---debugmain---StressTest---debugmain---StressTest---debugmain---StressTest---debugmain---StressTest---debugmain---StressTest---debugmain---StressTest---debugmain---StressTest---debugmain---StressTest---debugmain---StressTest---debugmain---StressTest---debugmain---StressTest---debugmain---StressTest---debugmain---StressTest---debugmain---StressTest---debugmain---StressTest---debugmain---StressTest---debugmain---StressTest---debugmain---StressTest---debugmain---StressTest---debugmain---StressTest---debugmain---StressTest---debugmain---StressTest---debugmain---StressTest---debugmain---StressTest---debugmain---StressTest---debugmain---StressTest---debugmain---StressTest---debugmain---StressTest---debugmain---StressTest---debugmain---StressTest---debugmain---StressTest---debugmain---StressTest---debugmain---StressTest---debugmain---StressTest---debugmain---StressTest---debugmain---StressTest---debugmain---StressTest---debugmain---StressTest---debugmain---StressTest---debugmain---StressTest---debugmain---StressTest---debugmain---StressTest---debugmain---StressTest---debugmain---StressTest---debugmain---StressTest---debugmain---StressTest---debugmain---StressTest---debugmain---StressTest---debugmain---StressTest---debugmain---StressTest---debugmain---StressTest---debugmain---StressTest---debugmain---StressTest---debugmain---StressTest---debugmain---StressTest---debugmain---StressTest---debugmain---StressTest---debugmain---StressTest---debugmain---StressTest---debugmain---StressTest---debugmain---StressTest---debugmain---StressTest---debugmain---StressTest---debugmain---StressTest---debugmain---StressTest---debugmain---StressTest---debugmain---StressTest---debugmain---StressTest---debugmain---StressTest---debugmain---StressTest---debugmain---StressTest---debugmain---StressTest---debugmain---StressTest---debugmain---StressTest---debugmain---StressTest---debugmain---StressTest---debugmain---StressTest---debugmain---StressTest---debugmain---StressTest---debugmain---StressTest---debugmain---StressTest---debugmain---StressTest---debugmain---StressTest---debugmain---StressTest---debugmain---StressTest---debugmain---StressTest---debugmain---StressTest---debugmain---StressTest---debugmain---StressTest---debugmain---StressTest---debugmain---StressTest---debugmain---StressTest---debugmain---StressTest---debugmain---StressTest---debugmain---StressTest---debugmain---StressTest---debugmain---StressTest---debugmain---StressTest---debugmain---StressTest---debugmain---StressTest---debugmain---StressTest---debugmain---StressTest---debugmain---StressTest---debugmain---StressTest---debugmain---StressTest---debugmain---StressTest---debugmain---StressTest---debugmain---StressTest---debugmain---StressTest---debugmain---StressTest---debugmain---StressTest---debugmain---StressTest---debugmain---StressTest---debugmain---StressTest---debugmain---StressTest---debugmain---StressTest---debugmain---StressTest---debugmain---StressTest---debugmain---StressTest---debugmain---StressTest---debugmain---StressTest---debugmain---StressTest---debugmain---StressTest---debugmain---StressTest---debugmain---StressTest---debugmain---StressTest---debugmain---StressTest---debugmain---StressTest---debugmain---StressTest---debugmain---StressTest---debugmain---StressTest---debugmain---StressTest---debugmain---StressTest---debugmain---StressTest---debugmain---StressTest---debugmain---StressTest---debugmain---StressTest---debugmain---StressTest---debugmain---StressTest---debugmain---StressTest---debugmain---StressTest---debugmain---StressTest---debugmain---StressTest---debugmain---StressTest---debugmain---StressTest---debugmain---StressTest---debugmain---StressTest---debugmain---StressTest---debugmain---StressTest---debugmain---StressTest---debugmain---StressTest---debugmain---StressTest---debugmain---StressTest---debugmain---StressTest---debugmain---StressTest---debugmain---StressTest---debugmain---StressTest---debugmain---StressTest---debugmain---StressTest---debugmain---StressTest---debugmain---StressTest---debugmain---StressTest---debugmain---StressTest---debugmain---StressTest---debugmain---StressTest---debugmain---StressTest---debugmain---StressTest---debugmain---StressTest---debugmain---StressTest---debugmain---StressTest---debugmain---StressTest---debugmain---StressTest---debugmain---StressTest---debugmain---StressTest---debugmain---StressTest---debugmain---StressTest---debugmain---StressTest---debugmain---StressTest---debugmain---StressTest---debugmain---StressTest---debugmain---StressTest---debugmain---StressTest---debugmain---StressTest---debugmain---StressTest---debugmain---StressTest---debugmain---StressTest---debugmain---StressTest---debugmain---StressTest---debugmain---StressTest---debugmain---StressTest---debugmain---StressTest---debugmain---StressTest---debugmain---StressTest---debugmain---StressTest---debugmain---StressTest---debugmain---StressTest---debugmain---StressTest---debugmain---StressTest---debugmain---StressTest---debugmain---StressTest---debugmain---StressTest---debugmain---StressTest---debugmain---StressTest---debugmain---StressTest---debugmain---StressTest---debugmain---StressTest---debugmain---StressTest---debugmain---StressTest---debugmain---StressTest---debugmain---StressTest---debugmain---StressTest---debugmain---StressTest---debugmain---StressTest---debugmain---StressTest---debugmain---StressTest---debugmain---StressTest---debugmain---StressTest---debugmain---StressTest---debugmain---StressTest---debugmain---StressTest---debugmain---StressTest---debugmain---StressTest---debugmain---StressTest---debugmain---StressTest---debugmain---StressTest---debugmain---StressTest---debugmain---StressTest---debugmain---StressTest---debugmain---StressTest---debugmain---StressTest---debugmain---StressTest---debugmain---StressTest---debugmain---StressTest---debugmain---StressTest---debugmain---StressTest---debugmain---StressTest---debugmain---StressTest---debugmain---StressTest---debugmain---StressTest---debugmain---StressTest---debugmain---StressTest---debugmain---StressTest---debugmain---StressTest---debugmain---StressTest---debugmain---StressTest---debugmain---StressTest---debugmain---StressTest---debugmain---StressTest---debugmain---StressTest---debugmain---StressTest---debugmain---StressTest---debugmain---StressTest---debugmain---StressTest---debugmain---StressTest---debugmain---StressTest---debugmain---StressTest---debugmain---StressTest---debugmain---StressTest---debugmain---StressTest---debugmain---StressTest---debugmain---StressTest---debugmain---StressTest---debugmain---StressTest---debugmain---StressTest---debugmain---StressTest---debugmain---StressTest---debugmain---StressTest---debugmain---StressTest---debugmain---StressTest---debugmain---StressTest---debugmain---StressTest---debugmain---StressTest---debugmain---StressTest---debugmain---StressTest---debugmain---StressTest---debugmain---StressTest---debugmain---StressTest---debugmain---StressTest---debugmain---StressTest---debugmain---StressTest---debugmain---StressTest---debugmain---StressTest---debugmain---StressTest---debugmain---StressTest---debugmain---StressTest---debugmain---StressTest---debugmain---StressTest---debugmain---StressTest---debugmain---StressTest---debugmain---StressTest---debugmain---StressTest---debugmain---StressTest---debugmain---StressTest---debugmain---StressTest---debugmain---StressTest---debugmain---StressTest---debugmain---StressTest---debugmain---StressTest---debugmain---StressTest---debugmain---StressTest---debugmain---StressTest---debugmain---StressTest---debugmain---StressTest---debugmain---StressTest---debugmain---StressTest---debugmain---StressTest---debugmain---StressTest---debugmain---StressTest---debugmain---StressTest---debugmain---StressTest---debugmain---StressTest---debugmain---StressTest---debugmain---StressTest---debugmain---StressTest---debugmain---StressTest---debugmain---StressTest---debugmain---StressTest---debugmain---StressTest---debugmain---StressTest---debugmain---StressTest---debugmain---StressTest---debugmain---StressTest---debugmain---StressTest---debugmain---StressTest---debugmain---StressTest---debugmain---StressTest---debugmain---StressTest---debugmain---StressTest---debugmain---StressTest---debugmain---StressTest---debugmain---StressTest---debugmain---StressTest---debugmain---StressTest---debugmain---StressTest---debugmain---StressTest---debugmain---StressTest---debugmain---StressTest---debugmain---StressTest---debugmain---StressTest---debugmain---StressTest---debugmain---StressTest---debugmain---StressTest---debugmain---StressTest---debugmain---StressTest---debugmain---StressTest---debugmain---StressTest---debugmain---StressTest---debugmain---StressTest---debugmain---StressTest---debugmain---StressTest---debugmain---StressTest---debugmain---StressTest---debugmain---StressTest---debugmain---StressTest---debugmain---StressTest---debugmain---StressTest---debugmain---StressTest---debugmain---StressTest---debugmain---StressTest---debugmain---StressTest---debugmain---StressTest---debugmain---StressTest---debugmain---StressTest---debugmain---StressTest---debugmain---StressTest---debugmain---StressTest---debugmain---StressTest---debugmain---StressTest---debugmain---StressTest---debugmain---StressTest---debugmain---StressTest---debugmain---StressTest---debugmain---StressTest---debugmain---StressTest---debugmain---StressTest---debugmain---StressTest---debugmain---StressTest---debugmain---StressTest---debugmain---StressTest---debugmain---StressTest---debugmain---StressTest---debugmain---StressTest---debugmain---StressTest---debugmain---StressTest---debugmain---StressTest---debugmain---StressTest---debugmain---StressTest---debugmain---StressTest---debugmain---StressTest---debugmain---StressTest---debugmain---StressTest---debugmain---StressTest---debugmain---StressTest---debugmain---StressTest---debugmain---StressTest---debugmain---StressTest---debugmain---StressTest---debugmain---StressTest---debugmain---StressTest---debugmain---StressTest---debugmain---StressTest---debugmain---StressTest---debugmain---StressTest---debugmain---StressTest---debugmain---StressTest---debugmain---StressTest---debugmain---StressTest---debugmain---StressTest---debugmain---StressTest---debugmain---StressTest---debugmain---StressTest---debugmain---StressTest---debugmain---StressTest---debugmain---StressTest---debugmain---StressTest---debugmain---StressTest---debugmain---StressTest---debugmain---StressTest---debugmain---StressTest---debugmain---StressTest---debugmain---StressTest---debugmain---StressTest---debugmain---StressTest---debugmain---StressTest---debugmain---StressTest---debugmain---StressTest---debugmain---StressTest---debugmain---StressTest---debugmain---StressTest---debugmain---StressTest---debugmain---StressTest---debugmain---StressTest---debugmain---StressTest---debugmain---StressTest---debugmain---StressTest---debugmain---StressTest---debugmain---StressTest---debugmain---StressTest---debugmain---StressTest---debugmain---StressTest---debugmain---StressTest---debugmain---StressTest---debugmain---StressTest---debugmain---StressTest---debugmain---StressTest---debugmain---StressTest---debugmain---StressTest---debugmain---StressTest---debugmain---StressTest---debugmain---StressTest---debugmain---StressTest---debugmain---StressTest---debugmain---StressTest---debugmain---StressTest---debugmain---StressTest---debugmain---StressTest---debugmain---StressTest---debugmain---StressTest---debugmain---StressTest---debugmain---StressTest---debugmain---StressTest---debugmain---StressTest---debugmain---StressTest---debugmain---StressTest---debugmain---StressTest---debugmain---StressTest---debugmain---StressTest---debugmain---StressTest---debugmain---StressTest---debugmain---StressTest---debugmain---StressTest---debugmain---StressTest---debugmain---StressTest---debugmain---StressTest---debugmain---StressTest---debugmain---StressTest---debugmain---StressTest---debugmain---StressTest---debugmain---StressTest---debugmain---StressTest---debugmain---StressTest---debugmain---StressTest---debugmain---StressTest---debugmain---StressTest---debugmain---StressTest---debugmain---StressTest---debugmain---StressTest---debugmain---StressTest---debugmain---StressTest---debugmain---StressTest---debugmain---StressTest---debugmain---StressTest---debugmain---StressTest---debugmain---StressTest---debugmain---StressTest---debugmain---StressTest---debugmain---StressTest---debugmain---StressTest---debugmain---StressTest---debugmain---StressTest---debugmain---StressTest---debugmain---StressTest---debugmain---StressTest---debugmain---StressTest---debugmain---StressTest---debugmain---StressTest---debugmain---StressTest---debugmain---StressTest---debugmain---StressTest---debugmain---StressTest---debugmain---StressTest---debugmain---StressTest---debugmain---StressTest---debugmain---StressTest---debugmain---StressTest---debugmain---StressTest---debugmain---StressTest---debugmain---StressTest---debugmain---StressTest---debugmain---StressTest---debugmain---StressTest---debugmain---StressTest---debugmain---StressTest---debugmain---StressTest---debugmain---StressTest---debugmain---StressTest---debugmain---StressTest---debugmain---StressTest---debugmain---StressTest---debugmain---StressTest---debugmain---StressTest---debugmain---StressTest---debugmain---StressTest---debugmain---StressTest---debugmain---StressTest---debugmain---StressTest---debugmain---StressTest---debugmain---StressTest---debugmain---StressTest---debugmain---StressTest---debugmain---StressTest---debugmain---StressTest---debugmain---StressTest---debugmain---StressTest---debugmain---StressTest---debugmain---StressTest---debugmain---StressTest---debugmain---StressTest---debugmain---StressTest---debugmain---StressTest---debugmain---StressTest---debugmain---StressTest---debugmain---StressTest---debugmain---StressTest---debugmain---StressTest---debugmain---StressTest---debugmain---StressTest---debugmain---StressTest---debugmain---StressTest---debugmain---StressTest---debugmain---StressTest---debugmain---StressTest---debugmain---StressTest---debugmain---StressTest---debugmain---StressTest---debugmain---StressTest---debugmain---StressTest---debugmain---StressTest---debugmain---StressTest---debugmain---StressTest---debugmain---StressTest---debugmain---StressTest---debugmain---StressTest---debugmain---StressTest---debugmain---StressTest---debugmain---StressTest---debugmain---StressTest---debugmain---StressTest---debugmain---StressTest---debugmain---StressTest---debugmain---StressTest---debugmain---StressTest---debugmain---StressTest---debugmain---StressTest---debugmain---StressTest---debugmain---StressTest---debugmain---StressTest---debugmain---StressTest---debugmain---StressTest---debugmain---StressTest---debugmain---StressTest---debugmain---StressTest---debug]]></system-out>
  </testcase>
  <testcase name="fileAppenderTest[0]" classname="StressTest" time="0.016"/>
  <testcase name="patternLayoutTest[0]" classname="StressTest" time="0.001"/>
  <testcase name="beforeMaxSizeTest[0]" classname="StressTest" time="0.0"/>
  <testcase name="velocityLayoutTest[0]" classname="StressTest" time="0.001"/>
  <testcase name="memAppenderWithLinkedListTest[0]" classname="StressTest" time="0.001"/>
  <testcase name="afterMaxSizeTest[0]" classname="StressTest" time="0.001"/>
  <testcase name="parameterizedTest[0]" classname="StressTest" time="0.001"/>
  <testcase name="memAppenderWithArrayListTest[1]" classname="StressTest" time="0.0"/>
  <testcase name="consoleAppenderTest[1]" classname="StressTest" time="0.014">
    <system-out><![CDATA[main---StressTest---debugmain---StressTest---debugmain---StressTest---debugmain---StressTest---debugmain---StressTest---debugmain---StressTest---debugmain---StressTest---debugmain---StressTest---debugmain---StressTest---debugmain---StressTest---debugmain---StressTest---debugmain---StressTest---debugmain---StressTest---debugmain---StressTest---debugmain---StressTest---debugmain---StressTest---debugmain---StressTest---debugmain---StressTest---debugmain---StressTest---debugmain---StressTest---debugmain---StressTest---debugmain---StressTest---debugmain---StressTest---debugmain---StressTest---debugmain---StressTest---debugmain---StressTest---debugmain---StressTest---debugmain---StressTest---debugmain---StressTest---debugmain---StressTest---debugmain---StressTest---debugmain---StressTest---debugmain---StressTest---debugmain---StressTest---debugmain---StressTest---debugmain---StressTest---debugmain---StressTest---debugmain---StressTest---debugmain---StressTest---debugmain---StressTest---debugmain---StressTest---debugmain---StressTest---debugmain---StressTest---debugmain---StressTest---debugmain---StressTest---debugmain---StressTest---debugmain---StressTest---debugmain---StressTest---debugmain---StressTest---debugmain---StressTest---debugmain---StressTest---debugmain---StressTest---debugmain---StressTest---debugmain---StressTest---debugmain---StressTest---debugmain---StressTest---debugmain---StressTest---debugmain---StressTest---debugmain---StressTest---debugmain---StressTest---debugmain---StressTest---debugmain---StressTest---debugmain---StressTest---debugmain---StressTest---debugmain---StressTest---debugmain---StressTest---debugmain---StressTest---debugmain---StressTest---debugmain---StressTest---debugmain---StressTest---debugmain---StressTest---debugmain---StressTest---debugmain---StressTest---debugmain---StressTest---debugmain---StressTest---debugmain---StressTest---debugmain---StressTest---debugmain---StressTest---debugmain---StressTest---debugmain---StressTest---debugmain---StressTest---debugmain---StressTest---debugmain---StressTest---debugmain---StressTest---debugmain---StressTest---debugmain---StressTest---debugmain---StressTest---debugmain---StressTest---debugmain---StressTest---debugmain---StressTest---debugmain---StressTest---debugmain---StressTest---debugmain---StressTest---debugmain---StressTest---debugmain---StressTest---debugmain---StressTest---debugmain---StressTest---debugmain---StressTest---debugmain---StressTest---debugmain---StressTest---debugmain---StressTest---debugmain---StressTest---debugmain---StressTest---debugmain---StressTest---debugmain---StressTest---debugmain---StressTest---debugmain---StressTest---debugmain---StressTest---debugmain---StressTest---debugmain---StressTest---debugmain---StressTest---debugmain---StressTest---debugmain---StressTest---debugmain---StressTest---debugmain---StressTest---debugmain---StressTest---debugmain---StressTest---debugmain---StressTest---debugmain---StressTest---debugmain---StressTest---debugmain---StressTest---debugmain---StressTest---debugmain---StressTest---debugmain---StressTest---debugmain---StressTest---debugmain---StressTest---debugmain---StressTest---debugmain---StressTest---debugmain---StressTest---debugmain---StressTest---debugmain---StressTest---debugmain---StressTest---debugmain---StressTest---debugmain---StressTest---debugmain---StressTest---debugmain---StressTest---debugmain---StressTest---debugmain---StressTest---debugmain---StressTest---debugmain---StressTest---debugmain---StressTest---debugmain---StressTest---debugmain---StressTest---debugmain---StressTest---debugmain---StressTest---debugmain---StressTest---debugmain---StressTest---debugmain---StressTest---debugmain---StressTest---debugmain---StressTest---debugmain---StressTest---debugmain---StressTest---debugmain---StressTest---debugmain---StressTest---debugmain---StressTest---debugmain---StressTest---debugmain---StressTest---debugmain---StressTest---debugmain---StressTest---debugmain---StressTest---debugmain---StressTest---debugmain---StressTest---debugmain---StressTest---debugmain---StressTest---debugmain---StressTest---debugmain---StressTest---debugmain---StressTest---debugmain---StressTest---debugmain---StressTest---debugmain---StressTest---debugmain---StressTest---debugmain---StressTest---debugmain---StressTest---debugmain---StressTest---debugmain---StressTest---debugmain---StressTest---debugmain---StressTest---debugmain---StressTest---debugmain---StressTest---debugmain---StressTest---debugmain---StressTest---debugmain---StressTest---debugmain---StressTest---debugmain---StressTest---debugmain---StressTest---debugmain---StressTest---debugmain---StressTest---debugmain---StressTest---debugmain---StressTest---debugmain---StressTest---debugmain---StressTest---debugmain---StressTest---debugmain---StressTest---debugmain---StressTest---debugmain---StressTest---debugmain---StressTest---debugmain---StressTest---debugmain---StressTest---debugmain---StressTest---debugmain---StressTest---debugmain---StressTest---debugmain---StressTest---debugmain---StressTest---debugmain---StressTest---debugmain---StressTest---debugmain---StressTest---debugmain---StressTest---debugmain---StressTest---debugmain---StressTest---debugmain---StressTest---debugmain---StressTest---debugmain---StressTest---debugmain---StressTest---debugmain---StressTest---debugmain---StressTest---debugmain---StressTest---debugmain---StressTest---debugmain---StressTest---debugmain---StressTest---debugmain---StressTest---debugmain---StressTest---debugmain---StressTest---debugmain---StressTest---debugmain---StressTest---debugmain---StressTest---debugmain---StressTest---debugmain---StressTest---debugmain---StressTest---debugmain---StressTest---debugmain---StressTest---debugmain---StressTest---debugmain---StressTest---debugmain---StressTest---debugmain---StressTest---debugmain---StressTest---debugmain---StressTest---debugmain---StressTest---debugmain---StressTest---debugmain---StressTest---debugmain---StressTest---debugmain---StressTest---debugmain---StressTest---debugmain---StressTest---debugmain---StressTest---debugmain---StressTest---debugmain---StressTest---debugmain---StressTest---debugmain---StressTest---debugmain---StressTest---debugmain---StressTest---debugmain---StressTest---debugmain---StressTest---debugmain---StressTest---debugmain---StressTest---debugmain---StressTest---debugmain---StressTest---debugmain---StressTest---debugmain---StressTest---debugmain---StressTest---debugmain---StressTest---debugmain---StressTest---debugmain---StressTest---debugmain---StressTest---debugmain---StressTest---debugmain---StressTest---debugmain---StressTest---debugmain---StressTest---debugmain---StressTest---debugmain---StressTest---debugmain---StressTest---debugmain---StressTest---debugmain---StressTest---debugmain---StressTest---debugmain---StressTest---debugmain---StressTest---debugmain---StressTest---debugmain---StressTest---debugmain---StressTest---debugmain---StressTest---debugmain---StressTest---debugmain---StressTest---debugmain---StressTest---debugmain---StressTest---debugmain---StressTest---debugmain---StressTest---debugmain---StressTest---debugmain---StressTest---debugmain---StressTest---debugmain---StressTest---debugmain---StressTest---debugmain---StressTest---debugmain---StressTest---debugmain---StressTest---debugmain---StressTest---debugmain---StressTest---debugmain---StressTest---debugmain---StressTest---debugmain---StressTest---debugmain---StressTest---debugmain---StressTest---debugmain---StressTest---debugmain---StressTest---debugmain---StressTest---debugmain---StressTest---debugmain---StressTest---debugmain---StressTest---debugmain---StressTest---debugmain---StressTest---debugmain---StressTest---debugmain---StressTest---debugmain---StressTest---debugmain---StressTest---debugmain---StressTest---debugmain---StressTest---debugmain---StressTest---debugmain---StressTest---debugmain---StressTest---debugmain---StressTest---debugmain---StressTest---debugmain---StressTest---debugmain---StressTest---debugmain---StressTest---debugmain---StressTest---debugmain---StressTest---debugmain---StressTest---debugmain---StressTest---debugmain---StressTest---debugmain---StressTest---debugmain---StressTest---debugmain---StressTest---debugmain---StressTest---debugmain---StressTest---debugmain---StressTest---debugmain---StressTest---debugmain---StressTest---debugmain---StressTest---debugmain---StressTest---debugmain---StressTest---debugmain---StressTest---debugmain---StressTest---debugmain---StressTest---debugmain---StressTest---debugmain---StressTest---debugmain---StressTest---debugmain---StressTest---debugmain---StressTest---debugmain---StressTest---debugmain---StressTest---debugmain---StressTest---debugmain---StressTest---debugmain---StressTest---debugmain---StressTest---debugmain---StressTest---debugmain---StressTest---debugmain---StressTest---debugmain---StressTest---debugmain---StressTest---debugmain---StressTest---debugmain---StressTest---debugmain---StressTest---debugmain---StressTest---debugmain---StressTest---debugmain---StressTest---debugmain---StressTest---debugmain---StressTest---debugmain---StressTest---debugmain---StressTest---debugmain---StressTest---debugmain---StressTest---debugmain---StressTest---debugmain---StressTest---debugmain---StressTest---debugmain---StressTest---debugmain---StressTest---debugmain---StressTest---debugmain---StressTest---debugmain---StressTest---debugmain---StressTest---debugmain---StressTest---debugmain---StressTest---debugmain---StressTest---debugmain---StressTest---debugmain---StressTest---debugmain---StressTest---debugmain---StressTest---debugmain---StressTest---debugmain---StressTest---debugmain---StressTest---debugmain---StressTest---debugmain---StressTest---debugmain---StressTest---debugmain---StressTest---debugmain---StressTest---debugmain---StressTest---debugmain---StressTest---debugmain---StressTest---debugmain---StressTest---debugmain---StressTest---debugmain---StressTest---debugmain---StressTest---debugmain---StressTest---debugmain---StressTest---debugmain---StressTest---debugmain---StressTest---debugmain---StressTest---debugmain---StressTest---debugmain---StressTest---debugmain---StressTest---debugmain---StressTest---debugmain---StressTest---debugmain---StressTest---debugmain---StressTest---debugmain---StressTest---debugmain---StressTest---debugmain---StressTest---debugmain---StressTest---debugmain---StressTest---debugmain---StressTest---debugmain---StressTest---debugmain---StressTest---debugmain---StressTest---debugmain---StressTest---debugmain---StressTest---debugmain---StressTest---debugmain---StressTest---debugmain---StressTest---debugmain---StressTest---debugmain---StressTest---debugmain---StressTest---debugmain---StressTest---debugmain---StressTest---debugmain---StressTest---debugmain---StressTest---debugmain---StressTest---debugmain---StressTest---debugmain---StressTest---debugmain---StressTest---debugmain---StressTest---debugmain---StressTest---debugmain---StressTest---debugmain---StressTest---debugmain---StressTest---debugmain---StressTest---debugmain---StressTest---debugmain---StressTest---debugmain---StressTest---debugmain---StressTest---debugmain---StressTest---debugmain---StressTest---debugmain---StressTest---debugmain---StressTest---debugmain---StressTest---debugmain---StressTest---debugmain---StressTest---debugmain---StressTest---debugmain---StressTest---debugmain---StressTest---debugmain---StressTest---debugmain---StressTest---debugmain---StressTest---debugmain---StressTest---debugmain---StressTest---debugmain---StressTest---debugmain---StressTest---debugmain---StressTest---debugmain---StressTest---debugmain---StressTest---debugmain---StressTest---debugmain---StressTest---debugmain---StressTest---debugmain---StressTest---debugmain---StressTest---debugmain---StressTest---debugmain---StressTest---debugmain---StressTest---debugmain---StressTest---debugmain---StressTest---debugmain---StressTest---debugmain---StressTest---debugmain---StressTest---debugmain---StressTest---debugmain---StressTest---debugmain---StressTest---debugmain---StressTest---debugmain---StressTest---debugmain---StressTest---debugmain---StressTest---debugmain---StressTest---debugmain---StressTest---debugmain---StressTest---debugmain---StressTest---debugmain---StressTest---debugmain---StressTest---debugmain---StressTest---debugmain---StressTest---debugmain---StressTest---debugmain---StressTest---debugmain---StressTest---debugmain---StressTest---debugmain---StressTest---debugmain---StressTest---debugmain---StressTest---debugmain---StressTest---debugmain---StressTest---debugmain---StressTest---debugmain---StressTest---debugmain---StressTest---debugmain---StressTest---debugmain---StressTest---debugmain---StressTest---debugmain---StressTest---debugmain---StressTest---debugmain---StressTest---debugmain---StressTest---debugmain---StressTest---debugmain---StressTest---debugmain---StressTest---debugmain---StressTest---debugmain---StressTest---debugmain---StressTest---debugmain---StressTest---debugmain---StressTest---debugmain---StressTest---debugmain---StressTest---debugmain---StressTest---debugmain---StressTest---debugmain---StressTest---debugmain---StressTest---debugmain---StressTest---debugmain---StressTest---debugmain---StressTest---debugmain---StressTest---debugmain---StressTest---debugmain---StressTest---debugmain---StressTest---debugmain---StressTest---debugmain---StressTest---debugmain---StressTest---debugmain---StressTest---debugmain---StressTest---debugmain---StressTest---debugmain---StressTest---debugmain---StressTest---debugmain---StressTest---debugmain---StressTest---debugmain---StressTest---debugmain---StressTest---debugmain---StressTest---debugmain---StressTest---debugmain---StressTest---debugmain---StressTest---debugmain---StressTest---debugmain---StressTest---debugmain---StressTest---debugmain---StressTest---debugmain---StressTest---debugmain---StressTest---debugmain---StressTest---debugmain---StressTest---debugmain---StressTest---debugmain---StressTest---debugmain---StressTest---debugmain---StressTest---debugmain---StressTest---debugmain---StressTest---debugmain---StressTest---debugmain---StressTest---debugmain---StressTest---debugmain---StressTest---debugmain---StressTest---debugmain---StressTest---debugmain---StressTest---debugmain---StressTest---debugmain---StressTest---debugmain---StressTest---debugmain---StressTest---debugmain---StressTest---debugmain---StressTest---debugmain---StressTest---debugmain---StressTest---debugmain---StressTest---debugmain---StressTest---debugmain---StressTest---debugmain---StressTest---debugmain---StressTest---debugmain---StressTest---debugmain---StressTest---debugmain---StressTest---debugmain---StressTest---debugmain---StressTest---debugmain---StressTest---debugmain---StressTest---debugmain---StressTest---debugmain---StressTest---debugmain---StressTest---debugmain---StressTest---debugmain---StressTest---debugmain---StressTest---debugmain---StressTest---debugmain---StressTest---debugmain---StressTest---debugmain---StressTest---debugmain---StressTest---debugmain---StressTest---debugmain---StressTest---debugmain---StressTest---debugmain---StressTest---debugmain---StressTest---debugmain---StressTest---debugmain---StressTest---debugmain---StressTest---debugmain---StressTest---debugmain---StressTest---debugmain---StressTest---debugmain---StressTest---debugmain---StressTest---debugmain---StressTest---debugmain---StressTest---debugmain---StressTest---debugmain---StressTest---debugmain---StressTest---debugmain---StressTest---debugmain---StressTest---debugmain---StressTest---debugmain---StressTest---debugmain---StressTest---debugmain---StressTest---debugmain---StressTest---debugmain---StressTest---debugmain---StressTest---debugmain---StressTest---debugmain---StressTest---debugmain---StressTest---debugmain---StressTest---debugmain---StressTest---debugmain---StressTest---debugmain---StressTest---debugmain---StressTest---debugmain---StressTest---debugmain---StressTest---debugmain---StressTest---debugmain---StressTest---debugmain---StressTest---debugmain---StressTest---debugmain---StressTest---debugmain---StressTest---debugmain---StressTest---debugmain---StressTest---debugmain---StressTest---debugmain---StressTest---debugmain---StressTest---debugmain---StressTest---debugmain---StressTest---debugmain---StressTest---debugmain---StressTest---debugmain---StressTest---debugmain---StressTest---debugmain---StressTest---debugmain---StressTest---debugmain---StressTest---debugmain---StressTest---debugmain---StressTest---debugmain---StressTest---debugmain---StressTest---debugmain---StressTest---debugmain---StressTest---debugmain---StressTest---debugmain---StressTest---debugmain---StressTest---debugmain---StressTest---debugmain---StressTest---debugmain---StressTest---debugmain---StressTest---debugmain---StressTest---debugmain---StressTest---debugmain---StressTest---debugmain---StressTest---debugmain---StressTest---debugmain---StressTest---debugmain---StressTest---debugmain---StressTest---debugmain---StressTest---debugmain---StressTest---debugmain---StressTest---debugmain---StressTest---debugmain---StressTest---debugmain---StressTest---debugmain---StressTest---debugmain---StressTest---debugmain---StressTest---debugmain---StressTest---debugmain---StressTest---debugmain---StressTest---debugmain---StressTest---debugmain---StressTest---debugmain---StressTest---debugmain---StressTest---debugmain---StressTest---debugmain---StressTest---debugmain---StressTest---debugmain---StressTest---debugmain---StressTest---debugmain---StressTest---debugmain---StressTest---debugmain---StressTest---debugmain---StressTest---debugmain---StressTest---debugmain---StressTest---debugmain---StressTest---debugmain---StressTest---debugmain---StressTest---debugmain---StressTest---debugmain---StressTest---debugmain---StressTest---debugmain---StressTest---debugmain---StressTest---debugmain---StressTest---debugmain---StressTest---debugmain---StressTest---debugmain---StressTest---debugmain---StressTest---debugmain---StressTest---debugmain---StressTest---debugmain---StressTest---debugmain---StressTest---debugmain---StressTest---debugmain---StressTest---debugmain---StressTest---debugmain---StressTest---debugmain---StressTest---debugmain---StressTest---debugmain---StressTest---debugmain---StressTest---debugmain---StressTest---debugmain---StressTest---debugmain---StressTest---debugmain---StressTest---debugmain---StressTest---debugmain---StressTest---debugmain---StressTest---debugmain---StressTest---debugmain---StressTest---debugmain---StressTest---debugmain---StressTest---debugmain---StressTest---debugmain---StressTest---debugmain---StressTest---debugmain---StressTest---debugmain---StressTest---debugmain---StressTest---debugmain---StressTest---debugmain---StressTest---debugmain---StressTest---debugmain---StressTest---debugmain---StressTest---debugmain---StressTest---debugmain---StressTest---debugmain---StressTest---debugmain---StressTest---debugmain---StressTest---debugmain---StressTest---debugmain---StressTest---debugmain---StressTest---debugmain---StressTest---debugmain---StressTest---debugmain---StressTest---debugmain---StressTest---debugmain---StressTest---debugmain---StressTest---debugmain---StressTest---debugmain---StressTest---debugmain---StressTest---debugmain---StressTest---debugmain---StressTest---debugmain---StressTest---debugmain---StressTest---debugmain---StressTest---debugmain---StressTest---debugmain---StressTest---debugmain---StressTest---debugmain---StressTest---debugmain---StressTest---debugmain---StressTest---debugmain---StressTest---debugmain---StressTest---debugmain---StressTest---debugmain---StressTest---debugmain---StressTest---debugmain---StressTest---debugmain---StressTest---debugmain---StressTest---debugmain---StressTest---debugmain---StressTest---debugmain---StressTest---debugmain---StressTest---debugmain---StressTest---debugmain---StressTest---debugmain---StressTest---debugmain---StressTest---debugmain---StressTest---debugmain---StressTest---debugmain---StressTest---debugmain---StressTest---debugmain---StressTest---debugmain---StressTest---debugmain---StressTest---debugmain---StressTest---debugmain---StressTest---debugmain---StressTest---debugmain---StressTest---debugmain---StressTest---debugmain---StressTest---debugmain---StressTest---debugmain---StressTest---debugmain---StressTest---debugmain---StressTest---debugmain---StressTest---debugmain---StressTest---debugmain---StressTest---debugmain---StressTest---debugmain---StressTest---debugmain---StressTest---debugmain---StressTest---debugmain---StressTest---debugmain---StressTest---debugmain---StressTest---debugmain---StressTest---debugmain---StressTest---debugmain---StressTest---debugmain---StressTest---debugmain---StressTest---debugmain---StressTest---debugmain---StressTest---debugmain---StressTest---debugmain---StressTest---debugmain---StressTest---debugmain---StressTest---debugmain---StressTest---debugmain---StressTest---debugmain---StressTest---debugmain---StressTest---debugmain---StressTest---debugmain---StressTest---debugmain---StressTest---debugmain---StressTest---debugmain---StressTest---debugmain---StressTest---debugmain---StressTest---debugmain---StressTest---debugmain---StressTest---debugmain---StressTest---debugmain---StressTest---debugmain---StressTest---debugmain---StressTest---debugmain---StressTest---debugmain---StressTest---debugmain---StressTest---debugmain---StressTest---debugmain---StressTest---debugmain---StressTest---debugmain---StressTest---debugmain---StressTest---debugmain---StressTest---debugmain---StressTest---debugmain---StressTest---debugmain---StressTest---debugmain---StressTest---debugmain---StressTest---debugmain---StressTest---debugmain---StressTest---debugmain---StressTest---debugmain---StressTest---debugmain---StressTest---debugmain---StressTest---debugmain---StressTest---debugmain---StressTest---debugmain---StressTest---debugmain---StressTest---debugmain---StressTest---debugmain---StressTest---debugmain---StressTest---debugmain---StressTest---debugmain---StressTest---debugmain---StressTest---debugmain---StressTest---debugmain---StressTest---debugmain---StressTest---debugmain---StressTest---debugmain---StressTest---debugmain---StressTest---debugmain---StressTest---debugmain---StressTest---debugmain---StressTest---debugmain---StressTest---debugmain---StressTest---debugmain---StressTest---debugmain---StressTest---debugmain---StressTest---debugmain---StressTest---debugmain---StressTest---debugmain---StressTest---debugmain---StressTest---debugmain---StressTest---debugmain---StressTest---debugmain---StressTest---debugmain---StressTest---debugmain---StressTest---debugmain---StressTest---debugmain---StressTest---debugmain---StressTest---debugmain---StressTest---debugmain---StressTest---debugmain---StressTest---debugmain---StressTest---debugmain---StressTest---debugmain---StressTest---debugmain---StressTest---debugmain---StressTest---debugmain---StressTest---debugmain---StressTest---debugmain---StressTest---debugmain---StressTest---debugmain---StressTest---debugmain---StressTest---debugmain---StressTest---debugmain---StressTest---debugmain---StressTest---debugmain---StressTest---debugmain---StressTest---debugmain---StressTest---debugmain---StressTest---debugmain---StressTest---debugmain---StressTest---debugmain---StressTest---debugmain---StressTest---debugmain---StressTest---debugmain---StressTest---debugmain---StressTest---debugmain---StressTest---debugmain---StressTest---debugmain---StressTest---debugmain---StressTest---debugmain---StressTest---debugmain---StressTest---debugmain---StressTest---debugmain---StressTest---debugmain---StressTest---debugmain---StressTest---debugmain---StressTest---debugmain---StressTest---debugmain---StressTest---debugmain---StressTest---debugmain---StressTest---debugmain---StressTest---debugmain---StressTest---debugmain---StressTest---debugmain---StressTest---debugmain---StressTest---debugmain---StressTest---debugmain---StressTest---debugmain---StressTest---debugmain---StressTest---debugmain---StressTest---debugmain---StressTest---debugmain---StressTest---debugmain---StressTest---debugmain---StressTest---debugmain---StressTest---debugmain---StressTest---debugmain---StressTest---debugmain---StressTest---debugmain---StressTest---debugmain---StressTest---debugmain---StressTest---debugmain---StressTest---debugmain---StressTest---debugmain---StressTest---debugmain---StressTest---debugmain---StressTest---debugmain---StressTest---debugmain---StressTest---debugmain---StressTest---debugmain---StressTest---debugmain---StressTest---debugmain---StressTest---debugmain---StressTest---debugmain---StressTest---debugmain---StressTest---debugmain---StressTest---debugmain---StressTest---debugmain---StressTest---debugmain---StressTest---debugmain---StressTest---debugmain---StressTest---debugmain---StressTest---debugmain---StressTest---debugmain---StressTest---debugmain---StressTest---debugmain---StressTest---debugmain---StressTest---debug]]></system-out>
  </testcase>
  <testcase name="fileAppenderTest[1]" classname="StressTest" time="0.016"/>
  <testcase name="patternLayoutTest[1]" classname="StressTest" time="0.001"/>
  <testcase name="beforeMaxSizeTest[1]" classname="StressTest" time="0.001"/>
  <testcase name="velocityLayoutTest[1]" classname="StressTest" time="0.001"/>
  <testcase name="memAppenderWithLinkedListTest[1]" classname="StressTest" time="0.0"/>
  <testcase name="afterMaxSizeTest[1]" classname="StressTest" time="0.001"/>
  <testcase name="parameterizedTest[1]" classname="StressTest" time="0.011">
    <system-out><![CDATA[main---StressTest---debugmain---StressTest---debugmain---StressTest---debugmain---StressTest---debugmain---StressTest---debugmain---StressTest---debugmain---StressTest---debugmain---StressTest---debugmain---StressTest---debugmain---StressTest---debugmain---StressTest---debugmain---StressTest---debugmain---StressTest---debugmain---StressTest---debugmain---StressTest---debugmain---StressTest---debugmain---StressTest---debugmain---StressTest---debugmain---StressTest---debugmain---StressTest---debugmain---StressTest---debugmain---StressTest---debugmain---StressTest---debugmain---StressTest---debugmain---StressTest---debugmain---StressTest---debugmain---StressTest---debugmain---StressTest---debugmain---StressTest---debugmain---StressTest---debugmain---StressTest---debugmain---StressTest---debugmain---StressTest---debugmain---StressTest---debugmain---StressTest---debugmain---StressTest---debugmain---StressTest---debugmain---StressTest---debugmain---StressTest---debugmain---StressTest---debugmain---StressTest---debugmain---StressTest---debugmain---StressTest---debugmain---StressTest---debugmain---StressTest---debugmain---StressTest---debugmain---StressTest---debugmain---StressTest---debugmain---StressTest---debugmain---StressTest---debugmain---StressTest---debugmain---StressTest---debugmain---StressTest---debugmain---StressTest---debugmain---StressTest---debugmain---StressTest---debugmain---StressTest---debugmain---StressTest---debugmain---StressTest---debugmain---StressTest---debugmain---StressTest---debugmain---StressTest---debugmain---StressTest---debugmain---StressTest---debugmain---StressTest---debugmain---StressTest---debugmain---StressTest---debugmain---StressTest---debugmain---StressTest---debugmain---StressTest---debugmain---StressTest---debugmain---StressTest---debugmain---StressTest---debugmain---StressTest---debugmain---StressTest---debugmain---StressTest---debugmain---StressTest---debugmain---StressTest---debugmain---StressTest---debugmain---StressTest---debugmain---StressTest---debugmain---StressTest---debugmain---StressTest---debugmain---StressTest---debugmain---StressTest---debugmain---StressTest---debugmain---StressTest---debugmain---StressTest---debugmain---StressTest---debugmain---StressTest---debugmain---StressTest---debugmain---StressTest---debugmain---StressTest---debugmain---StressTest---debugmain---StressTest---debugmain---StressTest---debugmain---StressTest---debugmain---StressTest---debugmain---StressTest---debugmain---StressTest---debugmain---StressTest---debugmain---StressTest---debugmain---StressTest---debugmain---StressTest---debugmain---StressTest---debugmain---StressTest---debugmain---StressTest---debugmain---StressTest---debugmain---StressTest---debugmain---StressTest---debugmain---StressTest---debugmain---StressTest---debugmain---StressTest---debugmain---StressTest---debugmain---StressTest---debugmain---StressTest---debugmain---StressTest---debugmain---StressTest---debugmain---StressTest---debugmain---StressTest---debugmain---StressTest---debugmain---StressTest---debugmain---StressTest---debugmain---StressTest---debugmain---StressTest---debugmain---StressTest---debugmain---StressTest---debugmain---StressTest---debugmain---StressTest---debugmain---StressTest---debugmain---StressTest---debugmain---StressTest---debugmain---StressTest---debugmain---StressTest---debugmain---StressTest---debugmain---StressTest---debugmain---StressTest---debugmain---StressTest---debugmain---StressTest---debugmain---StressTest---debugmain---StressTest---debugmain---StressTest---debugmain---StressTest---debugmain---StressTest---debugmain---StressTest---debugmain---StressTest---debugmain---StressTest---debugmain---StressTest---debugmain---StressTest---debugmain---StressTest---debugmain---StressTest---debugmain---StressTest---debugmain---StressTest---debugmain---StressTest---debugmain---StressTest---debugmain---StressTest---debugmain---StressTest---debugmain---StressTest---debugmain---StressTest---debugmain---StressTest---debugmain---StressTest---debugmain---StressTest---debugmain---StressTest---debugmain---StressTest---debugmain---StressTest---debugmain---StressTest---debugmain---StressTest---debugmain---StressTest---debugmain---StressTest---debugmain---StressTest---debugmain---StressTest---debugmain---StressTest---debugmain---StressTest---debugmain---StressTest---debugmain---StressTest---debugmain---StressTest---debugmain---StressTest---debugmain---StressTest---debugmain---StressTest---debugmain---StressTest---debugmain---StressTest---debugmain---StressTest---debugmain---StressTest---debugmain---StressTest---debugmain---StressTest---debugmain---StressTest---debugmain---StressTest---debugmain---StressTest---debugmain---StressTest---debugmain---StressTest---debugmain---StressTest---debugmain---StressTest---debugmain---StressTest---debugmain---StressTest---debugmain---StressTest---debugmain---StressTest---debugmain---StressTest---debugmain---StressTest---debugmain---StressTest---debugmain---StressTest---debugmain---StressTest---debugmain---StressTest---debugmain---StressTest---debugmain---StressTest---debugmain---StressTest---debugmain---StressTest---debugmain---StressTest---debugmain---StressTest---debugmain---StressTest---debugmain---StressTest---debugmain---StressTest---debugmain---StressTest---debugmain---StressTest---debugmain---StressTest---debugmain---StressTest---debugmain---StressTest---debugmain---StressTest---debugmain---StressTest---debugmain---StressTest---debugmain---StressTest---debugmain---StressTest---debugmain---StressTest---debugmain---StressTest---debugmain---StressTest---debugmain---StressTest---debugmain---StressTest---debugmain---StressTest---debugmain---StressTest---debugmain---StressTest---debugmain---StressTest---debugmain---StressTest---debugmain---StressTest---debugmain---StressTest---debugmain---StressTest---debugmain---StressTest---debugmain---StressTest---debugmain---StressTest---debugmain---StressTest---debugmain---StressTest---debugmain---StressTest---debugmain---StressTest---debugmain---StressTest---debugmain---StressTest---debugmain---StressTest---debugmain---StressTest---debugmain---StressTest---debugmain---StressTest---debugmain---StressTest---debugmain---StressTest---debugmain---StressTest---debugmain---StressTest---debugmain---StressTest---debugmain---StressTest---debugmain---StressTest---debugmain---StressTest---debugmain---StressTest---debugmain---StressTest---debugmain---StressTest---debugmain---StressTest---debugmain---StressTest---debugmain---StressTest---debugmain---StressTest---debugmain---StressTest---debugmain---StressTest---debugmain---StressTest---debugmain---StressTest---debugmain---StressTest---debugmain---StressTest---debugmain---StressTest---debugmain---StressTest---debugmain---StressTest---debugmain---StressTest---debugmain---StressTest---debugmain---StressTest---debugmain---StressTest---debugmain---StressTest---debugmain---StressTest---debugmain---StressTest---debugmain---StressTest---debugmain---StressTest---debugmain---StressTest---debugmain---StressTest---debugmain---StressTest---debugmain---StressTest---debugmain---StressTest---debugmain---StressTest---debugmain---StressTest---debugmain---StressTest---debugmain---StressTest---debugmain---StressTest---debugmain---StressTest---debugmain---StressTest---debugmain---StressTest---debugmain---StressTest---debugmain---StressTest---debugmain---StressTest---debugmain---StressTest---debugmain---StressTest---debugmain---StressTest---debugmain---StressTest---debugmain---StressTest---debugmain---StressTest---debugmain---StressTest---debugmain---StressTest---debugmain---StressTest---debugmain---StressTest---debugmain---StressTest---debugmain---StressTest---debugmain---StressTest---debugmain---StressTest---debugmain---StressTest---debugmain---StressTest---debugmain---StressTest---debugmain---StressTest---debugmain---StressTest---debugmain---StressTest---debugmain---StressTest---debugmain---StressTest---debugmain---StressTest---debugmain---StressTest---debugmain---StressTest---debugmain---StressTest---debugmain---StressTest---debugmain---StressTest---debugmain---StressTest---debugmain---StressTest---debugmain---StressTest---debugmain---StressTest---debugmain---StressTest---debugmain---StressTest---debugmain---StressTest---debugmain---StressTest---debugmain---StressTest---debugmain---StressTest---debugmain---StressTest---debugmain---StressTest---debugmain---StressTest---debugmain---StressTest---debugmain---StressTest---debugmain---StressTest---debugmain---StressTest---debugmain---StressTest---debugmain---StressTest---debugmain---StressTest---debugmain---StressTest---debugmain---StressTest---debugmain---StressTest---debugmain---StressTest---debugmain---StressTest---debugmain---StressTest---debugmain---StressTest---debugmain---StressTest---debugmain---StressTest---debugmain---StressTest---debugmain---StressTest---debugmain---StressTest---debugmain---StressTest---debugmain---StressTest---debugmain---StressTest---debugmain---StressTest---debugmain---StressTest---debugmain---StressTest---debugmain---StressTest---debugmain---StressTest---debugmain---StressTest---debugmain---StressTest---debugmain---StressTest---debugmain---StressTest---debugmain---StressTest---debugmain---StressTest---debugmain---StressTest---debugmain---StressTest---debugmain---StressTest---debugmain---StressTest---debugmain---StressTest---debugmain---StressTest---debugmain---StressTest---debugmain---StressTest---debugmain---StressTest---debugmain---StressTest---debugmain---StressTest---debugmain---StressTest---debugmain---StressTest---debugmain---StressTest---debugmain---StressTest---debugmain---StressTest---debugmain---StressTest---debugmain---StressTest---debugmain---StressTest---debugmain---StressTest---debugmain---StressTest---debugmain---StressTest---debugmain---StressTest---debugmain---StressTest---debugmain---StressTest---debugmain---StressTest---debugmain---StressTest---debugmain---StressTest---debugmain---StressTest---debugmain---StressTest---debugmain---StressTest---debugmain---StressTest---debugmain---StressTest---debugmain---StressTest---debugmain---StressTest---debugmain---StressTest---debugmain---StressTest---debugmain---StressTest---debugmain---StressTest---debugmain---StressTest---debugmain---StressTest---debugmain---StressTest---debugmain---StressTest---debugmain---StressTest---debugmain---StressTest---debugmain---StressTest---debugmain---StressTest---debugmain---StressTest---debugmain---StressTest---debugmain---StressTest---debugmain---StressTest---debugmain---StressTest---debugmain---StressTest---debugmain---StressTest---debugmain---StressTest---debugmain---StressTest---debugmain---StressTest---debugmain---StressTest---debugmain---StressTest---debugmain---StressTest---debugmain---StressTest---debugmain---StressTest---debugmain---StressTest---debugmain---StressTest---debugmain---StressTest---debugmain---StressTest---debugmain---StressTest---debugmain---StressTest---debugmain---StressTest---debugmain---StressTest---debugmain---StressTest---debugmain---StressTest---debugmain---StressTest---debugmain---StressTest---debugmain---StressTest---debugmain---StressTest---debugmain---StressTest---debugmain---StressTest---debugmain---StressTest---debugmain---StressTest---debugmain---StressTest---debugmain---StressTest---debugmain---StressTest---debugmain---StressTest---debugmain---StressTest---debugmain---StressTest---debugmain---StressTest---debugmain---StressTest---debugmain---StressTest---debugmain---StressTest---debugmain---StressTest---debugmain---StressTest---debugmain---StressTest---debugmain---StressTest---debugmain---StressTest---debugmain---StressTest---debugmain---StressTest---debugmain---StressTest---debugmain---StressTest---debugmain---StressTest---debugmain---StressTest---debugmain---StressTest---debugmain---StressTest---debugmain---StressTest---debugmain---StressTest---debugmain---StressTest---debugmain---StressTest---debugmain---StressTest---debugmain---StressTest---debugmain---StressTest---debugmain---StressTest---debugmain---StressTest---debugmain---StressTest---debugmain---StressTest---debugmain---StressTest---debugmain---StressTest---debugmain---StressTest---debugmain---StressTest---debugmain---StressTest---debugmain---StressTest---debugmain---StressTest---debugmain---StressTest---debugmain---StressTest---debugmain---StressTest---debugmain---StressTest---debugmain---StressTest---debugmain---StressTest---debugmain---StressTest---debugmain---StressTest---debugmain---StressTest---debugmain---StressTest---debugmain---StressTest---debugmain---StressTest---debugmain---StressTest---debugmain---StressTest---debugmain---StressTest---debugmain---StressTest---debugmain---StressTest---debugmain---StressTest---debugmain---StressTest---debugmain---StressTest---debugmain---StressTest---debugmain---StressTest---debugmain---StressTest---debugmain---StressTest---debugmain---StressTest---debugmain---StressTest---debugmain---StressTest---debugmain---StressTest---debugmain---StressTest---debugmain---StressTest---debugmain---StressTest---debugmain---StressTest---debugmain---StressTest---debugmain---StressTest---debugmain---StressTest---debugmain---StressTest---debugmain---StressTest---debugmain---StressTest---debugmain---StressTest---debugmain---StressTest---debugmain---StressTest---debugmain---StressTest---debugmain---StressTest---debugmain---StressTest---debugmain---StressTest---debugmain---StressTest---debugmain---StressTest---debugmain---StressTest---debugmain---StressTest---debugmain---StressTest---debugmain---StressTest---debugmain---StressTest---debugmain---StressTest---debugmain---StressTest---debugmain---StressTest---debugmain---StressTest---debugmain---StressTest---debugmain---StressTest---debugmain---StressTest---debugmain---StressTest---debugmain---StressTest---debugmain---StressTest---debugmain---StressTest---debugmain---StressTest---debugmain---StressTest---debugmain---StressTest---debugmain---StressTest---debugmain---StressTest---debugmain---StressTest---debugmain---StressTest---debugmain---StressTest---debugmain---StressTest---debugmain---StressTest---debugmain---StressTest---debugmain---StressTest---debugmain---StressTest---debugmain---StressTest---debugmain---StressTest---debugmain---StressTest---debugmain---StressTest---debugmain---StressTest---debugmain---StressTest---debugmain---StressTest---debugmain---StressTest---debugmain---StressTest---debugmain---StressTest---debugmain---StressTest---debugmain---StressTest---debugmain---StressTest---debugmain---StressTest---debugmain---StressTest---debugmain---StressTest---debugmain---StressTest---debugmain---StressTest---debugmain---StressTest---debugmain---StressTest---debugmain---StressTest---debugmain---StressTest---debugmain---StressTest---debugmain---StressTest---debugmain---StressTest---debugmain---StressTest---debugmain---StressTest---debugmain---StressTest---debugmain---StressTest---debugmain---StressTest---debugmain---StressTest---debugmain---StressTest---debugmain---StressTest---debugmain---StressTest---debugmain---StressTest---debugmain---StressTest---debugmain---StressTest---debugmain---StressTest---debugmain---StressTest---debugmain---StressTest---debugmain---StressTest---debugmain---StressTest---debugmain---StressTest---debugmain---StressTest---debugmain---StressTest---debugmain---StressTest---debugmain---StressTest---debugmain---StressTest---debugmain---StressTest---debugmain---StressTest---debugmain---StressTest---debugmain---StressTest---debugmain---StressTest---debugmain---StressTest---debugmain---StressTest---debugmain---StressTest---debugmain---StressTest---debugmain---StressTest---debugmain---StressTest---debugmain---StressTest---debugmain---StressTest---debugmain---StressTest---debugmain---StressTest---debugmain---StressTest---debugmain---StressTest---debugmain---StressTest---debugmain---StressTest---debugmain---StressTest---debugmain---StressTest---debugmain---StressTest---debugmain---StressTest---debugmain---StressTest---debugmain---StressTest---debugmain---StressTest---debugmain---StressTest---debugmain---StressTest---debugmain---StressTest---debugmain---StressTest---debugmain---StressTest---debugmain---StressTest---debugmain---StressTest---debugmain---StressTest---debugmain---StressTest---debugmain---StressTest---debugmain---StressTest---debugmain---StressTest---debugmain---StressTest---debugmain---StressTest---debugmain---StressTest---debugmain---StressTest---debugmain---StressTest---debugmain---StressTest---debugmain---StressTest---debugmain---StressTest---debugmain---StressTest---debugmain---StressTest---debugmain---StressTest---debugmain---StressTest---debugmain---StressTest---debugmain---StressTest---debugmain---StressTest---debugmain---StressTest---debugmain---StressTest---debugmain---StressTest---debugmain---StressTest---debugmain---StressTest---debugmain---StressTest---debugmain---StressTest---debugmain---StressTest---debugmain---StressTest---debugmain---StressTest---debugmain---StressTest---debugmain---StressTest---debugmain---StressTest---debugmain---StressTest---debugmain---StressTest---debugmain---StressTest---debugmain---StressTest---debugmain---StressTest---debugmain---StressTest---debugmain---StressTest---debugmain---StressTest---debugmain---StressTest---debugmain---StressTest---debugmain---StressTest---debugmain---StressTest---debugmain---StressTest---debugmain---StressTest---debugmain---StressTest---debugmain---StressTest---debugmain---StressTest---debugmain---StressTest---debugmain---StressTest---debugmain---StressTest---debugmain---StressTest---debugmain---StressTest---debugmain---StressTest---debugmain---StressTest---debugmain---StressTest---debugmain---StressTest---debugmain---StressTest---debugmain---StressTest---debugmain---StressTest---debugmain---StressTest---debugmain---StressTest---debugmain---StressTest---debugmain---StressTest---debugmain---StressTest---debugmain---StressTest---debugmain---StressTest---debugmain---StressTest---debugmain---StressTest---debugmain---StressTest---debugmain---StressTest---debugmain---StressTest---debugmain---StressTest---debugmain---StressTest---debugmain---StressTest---debugmain---StressTest---debugmain---StressTest---debugmain---StressTest---debugmain---StressTest---debugmain---StressTest---debugmain---StressTest---debugmain---StressTest---debugmain---StressTest---debugmain---StressTest---debugmain---StressTest---debugmain---StressTest---debugmain---StressTest---debugmain---StressTest---debugmain---StressTest---debugmain---StressTest---debugmain---StressTest---debugmain---StressTest---debugmain---StressTest---debugmain---StressTest---debugmain---StressTest---debugmain---StressTest---debugmain---StressTest---debugmain---StressTest---debugmain---StressTest---debugmain---StressTest---debugmain---StressTest---debugmain---StressTest---debugmain---StressTest---debugmain---StressTest---debugmain---StressTest---debugmain---StressTest---debugmain---StressTest---debugmain---StressTest---debugmain---StressTest---debugmain---StressTest---debugmain---StressTest---debugmain---StressTest---debugmain---StressTest---debugmain---StressTest---debugmain---StressTest---debugmain---StressTest---debugmain---StressTest---debugmain---StressTest---debugmain---StressTest---debugmain---StressTest---debugmain---StressTest---debugmain---StressTest---debugmain---StressTest---debugmain---StressTest---debugmain---StressTest---debugmain---StressTest---debugmain---StressTest---debugmain---StressTest---debugmain---StressTest---debugmain---StressTest---debugmain---StressTest---debugmain---StressTest---debugmain---StressTest---debugmain---StressTest---debugmain---StressTest---debugmain---StressTest---debugmain---StressTest---debugmain---StressTest---debugmain---StressTest---debugmain---StressTest---debugmain---StressTest---debugmain---StressTest---debugmain---StressTest---debugmain---StressTest---debugmain---StressTest---debugmain---StressTest---debugmain---StressTest---debugmain---StressTest---debugmain---StressTest---debugmain---StressTest---debugmain---StressTest---debugmain---StressTest---debugmain---StressTest---debugmain---StressTest---debugmain---StressTest---debugmain---StressTest---debugmain---StressTest---debugmain---StressTest---debugmain---StressTest---debugmain---StressTest---debugmain---StressTest---debugmain---StressTest---debugmain---StressTest---debugmain---StressTest---debugmain---StressTest---debugmain---StressTest---debugmain---StressTest---debugmain---StressTest---debugmain---StressTest---debugmain---StressTest---debugmain---StressTest---debugmain---StressTest---debugmain---StressTest---debugmain---StressTest---debugmain---StressTest---debugmain---StressTest---debugmain---StressTest---debugmain---StressTest---debugmain---StressTest---debugmain---StressTest---debugmain---StressTest---debugmain---StressTest---debugmain---StressTest---debugmain---StressTest---debugmain---StressTest---debugmain---StressTest---debugmain---StressTest---debugmain---StressTest---debugmain---StressTest---debugmain---StressTest---debugmain---StressTest---debugmain---StressTest---debugmain---StressTest---debugmain---StressTest---debugmain---StressTest---debugmain---StressTest---debugmain---StressTest---debugmain---StressTest---debugmain---StressTest---debugmain---StressTest---debugmain---StressTest---debugmain---StressTest---debugmain---StressTest---debugmain---StressTest---debugmain---StressTest---debugmain---StressTest---debugmain---StressTest---debugmain---StressTest---debugmain---StressTest---debugmain---StressTest---debugmain---StressTest---debugmain---StressTest---debugmain---StressTest---debugmain---StressTest---debugmain---StressTest---debugmain---StressTest---debugmain---StressTest---debugmain---StressTest---debugmain---StressTest---debugmain---StressTest---debugmain---StressTest---debugmain---StressTest---debugmain---StressTest---debugmain---StressTest---debugmain---StressTest---debugmain---StressTest---debugmain---StressTest---debugmain---StressTest---debugmain---StressTest---debugmain---StressTest---debugmain---StressTest---debugmain---StressTest---debugmain---StressTest---debugmain---StressTest---debugmain---StressTest---debugmain---StressTest---debugmain---StressTest---debugmain---StressTest---debugmain---StressTest---debugmain---StressTest---debugmain---StressTest---debugmain---StressTest---debugmain---StressTest---debugmain---StressTest---debugmain---StressTest---debugmain---StressTest---debugmain---StressTest---debugmain---StressTest---debugmain---StressTest---debugmain---StressTest---debugmain---StressTest---debugmain---StressTest---debugmain---StressTest---debugmain---StressTest---debugmain---StressTest---debugmain---StressTest---debugmain---StressTest---debugmain---StressTest---debugmain---StressTest---debugmain---StressTest---debugmain---StressTest---debugmain---StressTest---debugmain---StressTest---debugmain---StressTest---debugmain---StressTest---debugmain---StressTest---debugmain---StressTest---debugmain---StressTest---debugmain---StressTest---debugmain---StressTest---debugmain---StressTest---debugmain---StressTest---debugmain---StressTest---debugmain---StressTest---debugmain---StressTest---debugmain---StressTest---debugmain---StressTest---debugmain---StressTest---debugmain---StressTest---debugmain---StressTest---debugmain---StressTest---debugmain---StressTest---debugmain---StressTest---debugmain---StressTest---debugmain---StressTest---debugmain---StressTest---debugmain---StressTest---debugmain---StressTest---debugmain---StressTest---debugmain---StressTest---debugmain---StressTest---debugmain---StressTest---debugmain---StressTest---debugmain---StressTest---debugmain---StressTest---debugmain---StressTest---debugmain---StressTest---debugmain---StressTest---debugmain---StressTest---debugmain---StressTest---debugmain---StressTest---debugmain---StressTest---debugmain---StressTest---debugmain---StressTest---debugmain---StressTest---debugmain---StressTest---debugmain---StressTest---debugmain---StressTest---debugmain---StressTest---debugmain---StressTest---debugmain---StressTest---debugmain---StressTest---debugmain---StressTest---debugmain---StressTest---debugmain---StressTest---debugmain---StressTest---debugmain---StressTest---debugmain---StressTest---debugmain---StressTest---debugmain---StressTest---debugmain---StressTest---debugmain---StressTest---debugmain---StressTest---debugmain---StressTest---debugmain---StressTest---debugmain---StressTest---debugmain---StressTest---debugmain---StressTest---debugmain---StressTest---debugmain---StressTest---debugmain---StressTest---debugmain---StressTest---debugmain---StressTest---debugmain---StressTest---debugmain---StressTest---debugmain---StressTest---debugmain---StressTest---debugmain---StressTest---debugmain---StressTest---debugmain---StressTest---debugmain---StressTest---debugmain---StressTest---debugmain---StressTest---debugmain---StressTest---debugmain---StressTest---debugmain---StressTest---debugmain---StressTest---debugmain---StressTest---debugmain---StressTest---debugmain---StressTest---debug]]></system-out>
  </testcase>
  <testcase name="memAppenderWithArrayListTest[2]" classname="StressTest" time="0.001"/>
  <testcase name="consoleAppenderTest[2]" classname="StressTest" time="0.003">
    <system-out><![CDATA[main---StressTest---debugmain---StressTest---debugmain---StressTest---debugmain---StressTest---debugmain---StressTest---debugmain---StressTest---debugmain---StressTest---debugmain---StressTest---debugmain---StressTest---debugmain---StressTest---debugmain---StressTest---debugmain---StressTest---debugmain---StressTest---debugmain---StressTest---debugmain---StressTest---debugmain---StressTest---debugmain---StressTest---debugmain---StressTest---debugmain---StressTest---debugmain---StressTest---debugmain---StressTest---debugmain---StressTest---debugmain---StressTest---debugmain---StressTest---debugmain---StressTest---debugmain---StressTest---debugmain---StressTest---debugmain---StressTest---debugmain---StressTest---debugmain---StressTest---debugmain---StressTest---debugmain---StressTest---debugmain---StressTest---debugmain---StressTest---debugmain---StressTest---debugmain---StressTest---debugmain---StressTest---debugmain---StressTest---debugmain---StressTest---debugmain---StressTest---debugmain---StressTest---debugmain---StressTest---debugmain---StressTest---debugmain---StressTest---debugmain---StressTest---debugmain---StressTest---debugmain---StressTest---debugmain---StressTest---debugmain---StressTest---debugmain---StressTest---debugmain---StressTest---debugmain---StressTest---debugmain---StressTest---debugmain---StressTest---debugmain---StressTest---debugmain---StressTest---debugmain---StressTest---debugmain---StressTest---debugmain---StressTest---debugmain---StressTest---debugmain---StressTest---debugmain---StressTest---debugmain---StressTest---debugmain---StressTest---debugmain---StressTest---debugmain---StressTest---debugmain---StressTest---debugmain---StressTest---debugmain---StressTest---debugmain---StressTest---debugmain---StressTest---debugmain---StressTest---debugmain---StressTest---debugmain---StressTest---debugmain---StressTest---debugmain---StressTest---debugmain---StressTest---debugmain---StressTest---debugmain---StressTest---debugmain---StressTest---debugmain---StressTest---debugmain---StressTest---debugmain---StressTest---debugmain---StressTest---debugmain---StressTest---debugmain---StressTest---debugmain---StressTest---debugmain---StressTest---debugmain---StressTest---debugmain---StressTest---debugmain---StressTest---debugmain---StressTest---debugmain---StressTest---debugmain---StressTest---debugmain---StressTest---debugmain---StressTest---debugmain---StressTest---debugmain---StressTest---debugmain---StressTest---debugmain---StressTest---debugmain---StressTest---debugmain---StressTest---debugmain---StressTest---debugmain---StressTest---debugmain---StressTest---debugmain---StressTest---debugmain---StressTest---debugmain---StressTest---debugmain---StressTest---debugmain---StressTest---debugmain---StressTest---debugmain---StressTest---debugmain---StressTest---debugmain---StressTest---debugmain---StressTest---debugmain---StressTest---debugmain---StressTest---debugmain---StressTest---debugmain---StressTest---debugmain---StressTest---debugmain---StressTest---debugmain---StressTest---debugmain---StressTest---debugmain---StressTest---debugmain---StressTest---debugmain---StressTest---debugmain---StressTest---debugmain---StressTest---debugmain---StressTest---debugmain---StressTest---debugmain---StressTest---debugmain---StressTest---debugmain---StressTest---debugmain---StressTest---debugmain---StressTest---debugmain---StressTest---debugmain---StressTest---debugmain---StressTest---debugmain---StressTest---debugmain---StressTest---debugmain---StressTest---debugmain---StressTest---debugmain---StressTest---debugmain---StressTest---debugmain---StressTest---debugmain---StressTest---debugmain---StressTest---debugmain---StressTest---debugmain---StressTest---debugmain---StressTest---debugmain---StressTest---debugmain---StressTest---debugmain---StressTest---debugmain---StressTest---debugmain---StressTest---debugmain---StressTest---debugmain---StressTest---debugmain---StressTest---debugmain---StressTest---debugmain---StressTest---debugmain---StressTest---debugmain---StressTest---debugmain---StressTest---debugmain---StressTest---debugmain---StressTest---debugmain---StressTest---debugmain---StressTest---debugmain---StressTest---debugmain---StressTest---debugmain---StressTest---debugmain---StressTest---debugmain---StressTest---debugmain---StressTest---debugmain---StressTest---debugmain---StressTest---debugmain---StressTest---debugmain---StressTest---debugmain---StressTest---debugmain---StressTest---debugmain---StressTest---debugmain---StressTest---debugmain---StressTest---debugmain---StressTest---debugmain---StressTest---debugmain---StressTest---debugmain---StressTest---debugmain---StressTest---debugmain---StressTest---debugmain---StressTest---debugmain---StressTest---debugmain---StressTest---debugmain---StressTest---debugmain---StressTest---debugmain---StressTest---debugmain---StressTest---debugmain---StressTest---debugmain---StressTest---debugmain---StressTest---debugmain---StressTest---debugmain---StressTest---debugmain---StressTest---debugmain---StressTest---debugmain---StressTest---debugmain---StressTest---debugmain---StressTest---debugmain---StressTest---debugmain---StressTest---debugmain---StressTest---debugmain---StressTest---debugmain---StressTest---debugmain---StressTest---debugmain---StressTest---debugmain---StressTest---debugmain---StressTest---debugmain---StressTest---debugmain---StressTest---debugmain---StressTest---debugmain---StressTest---debugmain---StressTest---debugmain---StressTest---debugmain---StressTest---debugmain---StressTest---debugmain---StressTest---debugmain---StressTest---debugmain---StressTest---debugmain---StressTest---debugmain---StressTest---debugmain---StressTest---debugmain---StressTest---debugmain---StressTest---debugmain---StressTest---debugmain---StressTest---debugmain---StressTest---debugmain---StressTest---debugmain---StressTest---debugmain---StressTest---debugmain---StressTest---debugmain---StressTest---debugmain---StressTest---debugmain---StressTest---debugmain---StressTest---debugmain---StressTest---debugmain---StressTest---debugmain---StressTest---debugmain---StressTest---debugmain---StressTest---debugmain---StressTest---debugmain---StressTest---debugmain---StressTest---debugmain---StressTest---debugmain---StressTest---debugmain---StressTest---debugmain---StressTest---debugmain---StressTest---debugmain---StressTest---debugmain---StressTest---debugmain---StressTest---debugmain---StressTest---debugmain---StressTest---debugmain---StressTest---debugmain---StressTest---debugmain---StressTest---debugmain---StressTest---debugmain---StressTest---debugmain---StressTest---debugmain---StressTest---debugmain---StressTest---debugmain---StressTest---debugmain---StressTest---debugmain---StressTest---debugmain---StressTest---debugmain---StressTest---debugmain---StressTest---debugmain---StressTest---debugmain---StressTest---debugmain---StressTest---debugmain---StressTest---debugmain---StressTest---debugmain---StressTest---debugmain---StressTest---debugmain---StressTest---debugmain---StressTest---debugmain---StressTest---debugmain---StressTest---debugmain---StressTest---debugmain---StressTest---debugmain---StressTest---debugmain---StressTest---debugmain---StressTest---debugmain---StressTest---debugmain---StressTest---debugmain---StressTest---debugmain---StressTest---debugmain---StressTest---debugmain---StressTest---debugmain---StressTest---debugmain---StressTest---debugmain---StressTest---debugmain---StressTest---debugmain---StressTest---debugmain---StressTest---debugmain---StressTest---debugmain---StressTest---debugmain---StressTest---debugmain---StressTest---debugmain---StressTest---debugmain---StressTest---debugmain---StressTest---debugmain---StressTest---debugmain---StressTest---debugmain---StressTest---debugmain---StressTest---debugmain---StressTest---debugmain---StressTest---debugmain---StressTest---debugmain---StressTest---debugmain---StressTest---debugmain---StressTest---debugmain---StressTest---debugmain---StressTest---debugmain---StressTest---debugmain---StressTest---debugmain---StressTest---debugmain---StressTest---debugmain---StressTest---debugmain---StressTest---debugmain---StressTest---debugmain---StressTest---debugmain---StressTest---debugmain---StressTest---debugmain---StressTest---debugmain---StressTest---debugmain---StressTest---debugmain---StressTest---debugmain---StressTest---debugmain---StressTest---debugmain---StressTest---debugmain---StressTest---debugmain---StressTest---debugmain---StressTest---debugmain---StressTest---debugmain---StressTest---debugmain---StressTest---debugmain---StressTest---debugmain---StressTest---debugmain---StressTest---debugmain---StressTest---debugmain---StressTest---debugmain---StressTest---debugmain---StressTest---debugmain---StressTest---debugmain---StressTest---debugmain---StressTest---debugmain---StressTest---debugmain---StressTest---debugmain---StressTest---debugmain---StressTest---debugmain---StressTest---debugmain---StressTest---debugmain---StressTest---debugmain---StressTest---debugmain---StressTest---debugmain---StressTest---debugmain---StressTest---debugmain---StressTest---debugmain---StressTest---debugmain---StressTest---debugmain---StressTest---debugmain---StressTest---debugmain---StressTest---debugmain---StressTest---debugmain---StressTest---debugmain---StressTest---debugmain---StressTest---debugmain---StressTest---debugmain---StressTest---debugmain---StressTest---debugmain---StressTest---debugmain---StressTest---debugmain---StressTest---debugmain---StressTest---debugmain---StressTest---debugmain---StressTest---debugmain---StressTest---debugmain---StressTest---debugmain---StressTest---debugmain---StressTest---debugmain---StressTest---debugmain---StressTest---debugmain---StressTest---debugmain---StressTest---debugmain---StressTest---debugmain---StressTest---debugmain---StressTest---debugmain---StressTest---debugmain---StressTest---debugmain---StressTest---debugmain---StressTest---debugmain---StressTest---debugmain---StressTest---debugmain---StressTest---debugmain---StressTest---debugmain---StressTest---debugmain---StressTest---debugmain---StressTest---debugmain---StressTest---debugmain---StressTest---debugmain---StressTest---debugmain---StressTest---debugmain---StressTest---debugmain---StressTest---debugmain---StressTest---debugmain---StressTest---debugmain---StressTest---debugmain---StressTest---debugmain---StressTest---debugmain---StressTest---debugmain---StressTest---debugmain---StressTest---debugmain---StressTest---debugmain---StressTest---debugmain---StressTest---debugmain---StressTest---debugmain---StressTest---debugmain---StressTest---debugmain---StressTest---debugmain---StressTest---debugmain---StressTest---debugmain---StressTest---debugmain---StressTest---debugmain---StressTest---debugmain---StressTest---debugmain---StressTest---debugmain---StressTest---debugmain---StressTest---debugmain---StressTest---debugmain---StressTest---debugmain---StressTest---debugmain---StressTest---debugmain---StressTest---debugmain---StressTest---debugmain---StressTest---debugmain---StressTest---debugmain---StressTest---debugmain---StressTest---debugmain---StressTest---debugmain---StressTest---debugmain---StressTest---debugmain---StressTest---debugmain---StressTest---debugmain---StressTest---debugmain---StressTest---debugmain---StressTest---debugmain---StressTest---debugmain---StressTest---debugmain---StressTest---debugmain---StressTest---debugmain---StressTest---debugmain---StressTest---debugmain---StressTest---debugmain---StressTest---debugmain---StressTest---debugmain---StressTest---debugmain---StressTest---debugmain---StressTest---debugmain---StressTest---debugmain---StressTest---debugmain---StressTest---debugmain---StressTest---debugmain---StressTest---debugmain---StressTest---debugmain---StressTest---debugmain---StressTest---debugmain---StressTest---debugmain---StressTest---debugmain---StressTest---debugmain---StressTest---debugmain---StressTest---debugmain---StressTest---debugmain---StressTest---debugmain---StressTest---debugmain---StressTest---debugmain---StressTest---debugmain---StressTest---debugmain---StressTest---debugmain---StressTest---debugmain---StressTest---debugmain---StressTest---debugmain---StressTest---debugmain---StressTest---debugmain---StressTest---debugmain---StressTest---debugmain---StressTest---debugmain---StressTest---debugmain---StressTest---debugmain---StressTest---debugmain---StressTest---debugmain---StressTest---debugmain---StressTest---debugmain---StressTest---debugmain---StressTest---debugmain---StressTest---debugmain---StressTest---debugmain---StressTest---debugmain---StressTest---debugmain---StressTest---debugmain---StressTest---debugmain---StressTest---debugmain---StressTest---debugmain---StressTest---debugmain---StressTest---debugmain---StressTest---debugmain---StressTest---debugmain---StressTest---debugmain---StressTest---debugmain---StressTest---debugmain---StressTest---debugmain---StressTest---debugmain---StressTest---debugmain---StressTest---debugmain---StressTest---debugmain---StressTest---debugmain---StressTest---debugmain---StressTest---debugmain---StressTest---debugmain---StressTest---debugmain---StressTest---debugmain---StressTest---debugmain---StressTest---debugmain---StressTest---debugmain---StressTest---debugmain---StressTest---debugmain---StressTest---debugmain---StressTest---debugmain---StressTest---debugmain---StressTest---debugmain---StressTest---debugmain---StressTest---debugmain---StressTest---debugmain---StressTest---debugmain---StressTest---debugmain---StressTest---debugmain---StressTest---debugmain---StressTest---debugmain---StressTest---debugmain---StressTest---debugmain---StressTest---debugmain---StressTest---debugmain---StressTest---debugmain---StressTest---debugmain---StressTest---debugmain---StressTest---debugmain---StressTest---debugmain---StressTest---debugmain---StressTest---debugmain---StressTest---debugmain---StressTest---debugmain---StressTest---debugmain---StressTest---debugmain---StressTest---debugmain---StressTest---debugmain---StressTest---debugmain---StressTest---debugmain---StressTest---debugmain---StressTest---debugmain---StressTest---debugmain---StressTest---debugmain---StressTest---debugmain---StressTest---debugmain---StressTest---debugmain---StressTest---debugmain---StressTest---debugmain---StressTest---debugmain---StressTest---debugmain---StressTest---debugmain---StressTest---debugmain---StressTest---debugmain---StressTest---debugmain---StressTest---debugmain---StressTest---debugmain---StressTest---debugmain---StressTest---debugmain---StressTest---debugmain---StressTest---debugmain---StressTest---debugmain---StressTest---debugmain---StressTest---debugmain---StressTest---debugmain---StressTest---debugmain---StressTest---debugmain---StressTest---debugmain---StressTest---debugmain---StressTest---debugmain---StressTest---debugmain---StressTest---debugmain---StressTest---debugmain---StressTest---debugmain---StressTest---debugmain---StressTest---debugmain---StressTest---debugmain---StressTest---debugmain---StressTest---debugmain---StressTest---debugmain---StressTest---debugmain---StressTest---debugmain---StressTest---debugmain---StressTest---debugmain---StressTest---debugmain---StressTest---debugmain---StressTest---debugmain---StressTest---debugmain---StressTest---debugmain---StressTest---debugmain---StressTest---debugmain---StressTest---debugmain---StressTest---debugmain---StressTest---debugmain---StressTest---debugmain---StressTest---debugmain---StressTest---debugmain---StressTest---debugmain---StressTest---debugmain---StressTest---debugmain---StressTest---debugmain---StressTest---debugmain---StressTest---debugmain---StressTest---debugmain---StressTest---debugmain---StressTest---debugmain---StressTest---debugmain---StressTest---debugmain---StressTest---debugmain---StressTest---debugmain---StressTest---debugmain---StressTest---debugmain---StressTest---debugmain---StressTest---debugmain---StressTest---debugmain---StressTest---debugmain---StressTest---debugmain---StressTest---debugmain---StressTest---debugmain---StressTest---debugmain---StressTest---debugmain---StressTest---debugmain---StressTest---debugmain---StressTest---debugmain---StressTest---debugmain---StressTest---debugmain---StressTest---debugmain---StressTest---debugmain---StressTest---debugmain---StressTest---debugmain---StressTest---debugmain---StressTest---debugmain---StressTest---debugmain---StressTest---debugmain---StressTest---debugmain---StressTest---debugmain---StressTest---debugmain---StressTest---debugmain---StressTest---debugmain---StressTest---debugmain---StressTest---debugmain---StressTest---debugmain---StressTest---debugmain---StressTest---debugmain---StressTest---debugmain---StressTest---debugmain---StressTest---debugmain---StressTest---debugmain---StressTest---debugmain---StressTest---debugmain---StressTest---debugmain---StressTest---debugmain---StressTest---debugmain---StressTest---debugmain---StressTest---debugmain---StressTest---debugmain---StressTest---debugmain---StressTest---debugmain---StressTest---debugmain---StressTest---debugmain---StressTest---debugmain---StressTest---debugmain---StressTest---debugmain---StressTest---debugmain---StressTest---debugmain---StressTest---debugmain---StressTest---debugmain---StressTest---debugmain---StressTest---debugmain---StressTest---debugmain---StressTest---debugmain---StressTest---debugmain---StressTest---debugmain---StressTest---debugmain---StressTest---debugmain---StressTest---debugmain---StressTest---debugmain---StressTest---debugmain---StressTest---debugmain---StressTest---debugmain---StressTest---debugmain---StressTest---debugmain---StressTest---debugmain---StressTest---debugmain---StressTest---debugmain---StressTest---debugmain---StressTest---debugmain---StressTest---debugmain---StressTest---debugmain---StressTest---debugmain---StressTest---debugmain---StressTest---debugmain---StressTest---debugmain---StressTest---debugmain---StressTest---debugmain---StressTest---debugmain---StressTest---debugmain---StressTest---debugmain---StressTest---debugmain---StressTest---debugmain---StressTest---debugmain---StressTest---debugmain---StressTest---debugmain---StressTest---debugmain---StressTest---debugmain---StressTest---debugmain---StressTest---debugmain---StressTest---debugmain---StressTest---debugmain---StressTest---debugmain---StressTest---debugmain---StressTest---debugmain---StressTest---debugmain---StressTest---debugmain---StressTest---debugmain---StressTest---debugmain---StressTest---debugmain---StressTest---debugmain---StressTest---debugmain---StressTest---debugmain---StressTest---debugmain---StressTest---debugmain---StressTest---debugmain---StressTest---debugmain---StressTest---debugmain---StressTest---debugmain---StressTest---debugmain---StressTest---debugmain---StressTest---debugmain---StressTest---debugmain---StressTest---debugmain---StressTest---debugmain---StressTest---debugmain---StressTest---debugmain---StressTest---debugmain---StressTest---debugmain---StressTest---debugmain---StressTest---debugmain---StressTest---debugmain---StressTest---debugmain---StressTest---debugmain---StressTest---debugmain---StressTest---debugmain---StressTest---debugmain---StressTest---debugmain---StressTest---debugmain---StressTest---debugmain---StressTest---debugmain---StressTest---debugmain---StressTest---debugmain---StressTest---debugmain---StressTest---debugmain---StressTest---debugmain---StressTest---debugmain---StressTest---debugmain---StressTest---debugmain---StressTest---debugmain---StressTest---debugmain---StressTest---debugmain---StressTest---debugmain---StressTest---debugmain---StressTest---debugmain---StressTest---debugmain---StressTest---debugmain---StressTest---debugmain---StressTest---debugmain---StressTest---debugmain---StressTest---debugmain---StressTest---debugmain---StressTest---debugmain---StressTest---debugmain---StressTest---debugmain---StressTest---debugmain---StressTest---debugmain---StressTest---debugmain---StressTest---debugmain---StressTest---debugmain---StressTest---debugmain---StressTest---debugmain---StressTest---debugmain---StressTest---debugmain---StressTest---debugmain---StressTest---debugmain---StressTest---debugmain---StressTest---debugmain---StressTest---debugmain---StressTest---debugmain---StressTest---debugmain---StressTest---debugmain---StressTest---debugmain---StressTest---debugmain---StressTest---debugmain---StressTest---debugmain---StressTest---debugmain---StressTest---debugmain---StressTest---debugmain---StressTest---debugmain---StressTest---debugmain---StressTest---debugmain---StressTest---debugmain---StressTest---debugmain---StressTest---debugmain---StressTest---debugmain---StressTest---debugmain---StressTest---debugmain---StressTest---debugmain---StressTest---debugmain---StressTest---debugmain---StressTest---debugmain---StressTest---debugmain---StressTest---debugmain---StressTest---debugmain---StressTest---debugmain---StressTest---debugmain---StressTest---debugmain---StressTest---debugmain---StressTest---debugmain---StressTest---debugmain---StressTest---debugmain---StressTest---debugmain---StressTest---debugmain---StressTest---debugmain---StressTest---debugmain---StressTest---debugmain---StressTest---debugmain---StressTest---debugmain---StressTest---debugmain---StressTest---debugmain---StressTest---debugmain---StressTest---debugmain---StressTest---debugmain---StressTest---debugmain---StressTest---debugmain---StressTest---debugmain---StressTest---debugmain---StressTest---debugmain---StressTest---debugmain---StressTest---debugmain---StressTest---debugmain---StressTest---debugmain---StressTest---debugmain---StressTest---debugmain---StressTest---debugmain---StressTest---debugmain---StressTest---debugmain---StressTest---debugmain---StressTest---debugmain---StressTest---debugmain---StressTest---debugmain---StressTest---debugmain---StressTest---debugmain---StressTest---debugmain---StressTest---debugmain---StressTest---debugmain---StressTest---debugmain---StressTest---debugmain---StressTest---debugmain---StressTest---debugmain---StressTest---debugmain---StressTest---debugmain---StressTest---debugmain---StressTest---debugmain---StressTest---debugmain---StressTest---debugmain---StressTest---debugmain---StressTest---debugmain---StressTest---debugmain---StressTest---debugmain---StressTest---debugmain---StressTest---debugmain---StressTest---debugmain---StressTest---debugmain---StressTest---debugmain---StressTest---debugmain---StressTest---debugmain---StressTest---debugmain---StressTest---debugmain---StressTest---debugmain---StressTest---debugmain---StressTest---debugmain---StressTest---debugmain---StressTest---debugmain---StressTest---debugmain---StressTest---debugmain---StressTest---debugmain---StressTest---debugmain---StressTest---debugmain---StressTest---debugmain---StressTest---debugmain---StressTest---debugmain---StressTest---debugmain---StressTest---debugmain---StressTest---debugmain---StressTest---debugmain---StressTest---debugmain---StressTest---debugmain---StressTest---debugmain---StressTest---debugmain---StressTest---debugmain---StressTest---debugmain---StressTest---debugmain---StressTest---debugmain---StressTest---debugmain---StressTest---debugmain---StressTest---debugmain---StressTest---debugmain---StressTest---debugmain---StressTest---debugmain---StressTest---debugmain---StressTest---debugmain---StressTest---debugmain---StressTest---debugmain---StressTest---debugmain---StressTest---debugmain---StressTest---debugmain---StressTest---debugmain---StressTest---debugmain---StressTest---debugmain---StressTest---debugmain---StressTest---debugmain---StressTest---debugmain---StressTest---debugmain---StressTest---debugmain---StressTest---debugmain---StressTest---debugmain---StressTest---debugmain---StressTest---debugmain---StressTest---debugmain---StressTest---debugmain---StressTest---debugmain---StressTest---debugmain---StressTest---debugmain---StressTest---debugmain---StressTest---debugmain---StressTest---debugmain---StressTest---debugmain---StressTest---debugmain---StressTest---debugmain---StressTest---debugmain---StressTest---debugmain---StressTest---debugmain---StressTest---debugmain---StressTest---debugmain---StressTest---debugmain---StressTest---debugmain---StressTest---debugmain---StressTest---debugmain---StressTest---debugmain---StressTest---debugmain---StressTest---debugmain---StressTest---debugmain---StressTest---debugmain---StressTest---debugmain---StressTest---debugmain---StressTest---debugmain---StressTest---debugmain---StressTest---debugmain---StressTest---debugmain---StressTest---debugmain---StressTest---debugmain---StressTest---debugmain---StressTest---debugmain---StressTest---debugmain---StressTest---debugmain---StressTest---debugmain---StressTest---debugmain---StressTest---debugmain---StressTest---debugmain---StressTest---debugmain---StressTest---debugmain---StressTest---debugmain---StressTest---debugmain---StressTest---debugmain---StressTest---debugmain---StressTest---debugmain---StressTest---debugmain---StressTest---debug]]></system-out>
  </testcase>
  <testcase name="fileAppenderTest[2]" classname="StressTest" time="0.007"/>
  <testcase name="patternLayoutTest[2]" classname="StressTest" time="0.001"/>
  <testcase name="beforeMaxSizeTest[2]" classname="StressTest" time="0.001"/>
  <testcase name="velocityLayoutTest[2]" classname="StressTest" time="0.001"/>
  <testcase name="memAppenderWithLinkedListTest[2]" classname="StressTest" time="0.001"/>
  <testcase name="afterMaxSizeTest[2]" classname="StressTest" time="0.0"/>
  <testcase name="parameterizedTest[2]" classname="StressTest" time="0.001"/>
  <testcase name="memAppenderWithArrayListTest[3]" classname="StressTest" time="0.001"/>
  <testcase name="consoleAppenderTest[3]" classname="StressTest" time="0.004">
    <system-out><![CDATA[main---StressTest---debugmain---StressTest---debugmain---StressTest---debugmain---StressTest---debugmain---StressTest---debugmain---StressTest---debugmain---StressTest---debugmain---StressTest---debugmain---StressTest---debugmain---StressTest---debugmain---StressTest---debugmain---StressTest---debugmain---StressTest---debugmain---StressTest---debugmain---StressTest---debugmain---StressTest---debugmain---StressTest---debugmain---StressTest---debugmain---StressTest---debugmain---StressTest---debugmain---StressTest---debugmain---StressTest---debugmain---StressTest---debugmain---StressTest---debugmain---StressTest---debugmain---StressTest---debugmain---StressTest---debugmain---StressTest---debugmain---StressTest---debugmain---StressTest---debugmain---StressTest---debugmain---StressTest---debugmain---StressTest---debugmain---StressTest---debugmain---StressTest---debugmain---StressTest---debugmain---StressTest---debugmain---StressTest---debugmain---StressTest---debugmain---StressTest---debugmain---StressTest---debugmain---StressTest---debugmain---StressTest---debugmain---StressTest---debugmain---StressTest---debugmain---StressTest---debugmain---StressTest---debugmain---StressTest---debugmain---StressTest---debugmain---StressTest---debugmain---StressTest---debugmain---StressTest---debugmain---StressTest---debugmain---StressTest---debugmain---StressTest---debugmain---StressTest---debugmain---StressTest---debugmain---StressTest---debugmain---StressTest---debugmain---StressTest---debugmain---StressTest---debugmain---StressTest---debugmain---StressTest---debugmain---StressTest---debugmain---StressTest---debugmain---StressTest---debugmain---StressTest---debugmain---StressTest---debugmain---StressTest---debugmain---StressTest---debugmain---StressTest---debugmain---StressTest---debugmain---StressTest---debugmain---StressTest---debugmain---StressTest---debugmain---StressTest---debugmain---StressTest---debugmain---StressTest---debugmain---StressTest---debugmain---StressTest---debugmain---StressTest---debugmain---StressTest---debugmain---StressTest---debugmain---StressTest---debugmain---StressTest---debugmain---StressTest---debugmain---StressTest---debugmain---StressTest---debugmain---StressTest---debugmain---StressTest---debugmain---StressTest---debugmain---StressTest---debugmain---StressTest---debugmain---StressTest---debugmain---StressTest---debugmain---StressTest---debugmain---StressTest---debugmain---StressTest---debugmain---StressTest---debugmain---StressTest---debugmain---StressTest---debugmain---StressTest---debugmain---StressTest---debugmain---StressTest---debugmain---StressTest---debugmain---StressTest---debugmain---StressTest---debugmain---StressTest---debugmain---StressTest---debugmain---StressTest---debugmain---StressTest---debugmain---StressTest---debugmain---StressTest---debugmain---StressTest---debugmain---StressTest---debugmain---StressTest---debugmain---StressTest---debugmain---StressTest---debugmain---StressTest---debugmain---StressTest---debugmain---StressTest---debugmain---StressTest---debugmain---StressTest---debugmain---StressTest---debugmain---StressTest---debugmain---StressTest---debugmain---StressTest---debugmain---StressTest---debugmain---StressTest---debugmain---StressTest---debugmain---StressTest---debugmain---StressTest---debugmain---StressTest---debugmain---StressTest---debugmain---StressTest---debugmain---StressTest---debugmain---StressTest---debugmain---StressTest---debugmain---StressTest---debugmain---StressTest---debugmain---StressTest---debugmain---StressTest---debugmain---StressTest---debugmain---StressTest---debugmain---StressTest---debugmain---StressTest---debugmain---StressTest---debugmain---StressTest---debugmain---StressTest---debugmain---StressTest---debugmain---StressTest---debugmain---StressTest---debugmain---StressTest---debugmain---StressTest---debugmain---StressTest---debugmain---StressTest---debugmain---StressTest---debugmain---StressTest---debugmain---StressTest---debugmain---StressTest---debugmain---StressTest---debugmain---StressTest---debugmain---StressTest---debugmain---StressTest---debugmain---StressTest---debugmain---StressTest---debugmain---StressTest---debugmain---StressTest---debugmain---StressTest---debugmain---StressTest---debugmain---StressTest---debugmain---StressTest---debugmain---StressTest---debugmain---StressTest---debugmain---StressTest---debugmain---StressTest---debugmain---StressTest---debugmain---StressTest---debugmain---StressTest---debugmain---StressTest---debugmain---StressTest---debugmain---StressTest---debugmain---StressTest---debugmain---StressTest---debugmain---StressTest---debugmain---StressTest---debugmain---StressTest---debugmain---StressTest---debugmain---StressTest---debugmain---StressTest---debugmain---StressTest---debugmain---StressTest---debugmain---StressTest---debugmain---StressTest---debugmain---StressTest---debugmain---StressTest---debugmain---StressTest---debugmain---StressTest---debugmain---StressTest---debugmain---StressTest---debugmain---StressTest---debugmain---StressTest---debugmain---StressTest---debugmain---StressTest---debugmain---StressTest---debugmain---StressTest---debugmain---StressTest---debugmain---StressTest---debugmain---StressTest---debugmain---StressTest---debugmain---StressTest---debugmain---StressTest---debugmain---StressTest---debugmain---StressTest---debugmain---StressTest---debugmain---StressTest---debugmain---StressTest---debugmain---StressTest---debugmain---StressTest---debugmain---StressTest---debugmain---StressTest---debugmain---StressTest---debugmain---StressTest---debugmain---StressTest---debugmain---StressTest---debugmain---StressTest---debugmain---StressTest---debugmain---StressTest---debugmain---StressTest---debugmain---StressTest---debugmain---StressTest---debugmain---StressTest---debugmain---StressTest---debugmain---StressTest---debugmain---StressTest---debugmain---StressTest---debugmain---StressTest---debugmain---StressTest---debugmain---StressTest---debugmain---StressTest---debugmain---StressTest---debugmain---StressTest---debugmain---StressTest---debugmain---StressTest---debugmain---StressTest---debugmain---StressTest---debugmain---StressTest---debugmain---StressTest---debugmain---StressTest---debugmain---StressTest---debugmain---StressTest---debugmain---StressTest---debugmain---StressTest---debugmain---StressTest---debugmain---StressTest---debugmain---StressTest---debugmain---StressTest---debugmain---StressTest---debugmain---StressTest---debugmain---StressTest---debugmain---StressTest---debugmain---StressTest---debugmain---StressTest---debugmain---StressTest---debugmain---StressTest---debugmain---StressTest---debugmain---StressTest---debugmain---StressTest---debugmain---StressTest---debugmain---StressTest---debugmain---StressTest---debugmain---StressTest---debugmain---StressTest---debugmain---StressTest---debugmain---StressTest---debugmain---StressTest---debugmain---StressTest---debugmain---StressTest---debugmain---StressTest---debugmain---StressTest---debugmain---StressTest---debugmain---StressTest---debugmain---StressTest---debugmain---StressTest---debugmain---StressTest---debugmain---StressTest---debugmain---StressTest---debugmain---StressTest---debugmain---StressTest---debugmain---StressTest---debugmain---StressTest---debugmain---StressTest---debugmain---StressTest---debugmain---StressTest---debugmain---StressTest---debugmain---StressTest---debugmain---StressTest---debugmain---StressTest---debugmain---StressTest---debugmain---StressTest---debugmain---StressTest---debugmain---StressTest---debugmain---StressTest---debugmain---StressTest---debugmain---StressTest---debugmain---StressTest---debugmain---StressTest---debugmain---StressTest---debugmain---StressTest---debugmain---StressTest---debugmain---StressTest---debugmain---StressTest---debugmain---StressTest---debugmain---StressTest---debugmain---StressTest---debugmain---StressTest---debugmain---StressTest---debugmain---StressTest---debugmain---StressTest---debugmain---StressTest---debugmain---StressTest---debugmain---StressTest---debugmain---StressTest---debugmain---StressTest---debugmain---StressTest---debugmain---StressTest---debugmain---StressTest---debugmain---StressTest---debugmain---StressTest---debugmain---StressTest---debugmain---StressTest---debugmain---StressTest---debugmain---StressTest---debugmain---StressTest---debugmain---StressTest---debugmain---StressTest---debugmain---StressTest---debugmain---StressTest---debugmain---StressTest---debugmain---StressTest---debugmain---StressTest---debugmain---StressTest---debugmain---StressTest---debugmain---StressTest---debugmain---StressTest---debugmain---StressTest---debugmain---StressTest---debugmain---StressTest---debugmain---StressTest---debugmain---StressTest---debugmain---StressTest---debugmain---StressTest---debugmain---StressTest---debugmain---StressTest---debugmain---StressTest---debugmain---StressTest---debugmain---StressTest---debugmain---StressTest---debugmain---StressTest---debugmain---StressTest---debugmain---StressTest---debugmain---StressTest---debugmain---StressTest---debugmain---StressTest---debugmain---StressTest---debugmain---StressTest---debugmain---StressTest---debugmain---StressTest---debugmain---StressTest---debugmain---StressTest---debugmain---StressTest---debugmain---StressTest---debugmain---StressTest---debugmain---StressTest---debugmain---StressTest---debugmain---StressTest---debugmain---StressTest---debugmain---StressTest---debugmain---StressTest---debugmain---StressTest---debugmain---StressTest---debugmain---StressTest---debugmain---StressTest---debugmain---StressTest---debugmain---StressTest---debugmain---StressTest---debugmain---StressTest---debugmain---StressTest---debugmain---StressTest---debugmain---StressTest---debugmain---StressTest---debugmain---StressTest---debugmain---StressTest---debugmain---StressTest---debugmain---StressTest---debugmain---StressTest---debugmain---StressTest---debugmain---StressTest---debugmain---StressTest---debugmain---StressTest---debugmain---StressTest---debugmain---StressTest---debugmain---StressTest---debugmain---StressTest---debugmain---StressTest---debugmain---StressTest---debugmain---StressTest---debugmain---StressTest---debugmain---StressTest---debugmain---StressTest---debugmain---StressTest---debugmain---StressTest---debugmain---StressTest---debugmain---StressTest---debugmain---StressTest---debugmain---StressTest---debugmain---StressTest---debugmain---StressTest---debugmain---StressTest---debugmain---StressTest---debugmain---StressTest---debugmain---StressTest---debugmain---StressTest---debugmain---StressTest---debugmain---StressTest---debugmain---StressTest---debugmain---StressTest---debugmain---StressTest---debugmain---StressTest---debugmain---StressTest---debugmain---StressTest---debugmain---StressTest---debugmain---StressTest---debugmain---StressTest---debugmain---StressTest---debugmain---StressTest---debugmain---StressTest---debugmain---StressTest---debugmain---StressTest---debugmain---StressTest---debugmain---StressTest---debugmain---StressTest---debugmain---StressTest---debugmain---StressTest---debugmain---StressTest---debugmain---StressTest---debugmain---StressTest---debugmain---StressTest---debugmain---StressTest---debugmain---StressTest---debugmain---StressTest---debugmain---StressTest---debugmain---StressTest---debugmain---StressTest---debugmain---StressTest---debugmain---StressTest---debugmain---StressTest---debugmain---StressTest---debugmain---StressTest---debugmain---StressTest---debugmain---StressTest---debugmain---StressTest---debugmain---StressTest---debugmain---StressTest---debugmain---StressTest---debugmain---StressTest---debugmain---StressTest---debugmain---StressTest---debugmain---StressTest---debugmain---StressTest---debugmain---StressTest---debugmain---StressTest---debugmain---StressTest---debugmain---StressTest---debugmain---StressTest---debugmain---StressTest---debugmain---StressTest---debugmain---StressTest---debugmain---StressTest---debugmain---StressTest---debugmain---StressTest---debugmain---StressTest---debugmain---StressTest---debugmain---StressTest---debugmain---StressTest---debugmain---StressTest---debugmain---StressTest---debugmain---StressTest---debugmain---StressTest---debugmain---StressTest---debugmain---StressTest---debugmain---StressTest---debugmain---StressTest---debugmain---StressTest---debugmain---StressTest---debugmain---StressTest---debugmain---StressTest---debugmain---StressTest---debugmain---StressTest---debugmain---StressTest---debugmain---StressTest---debugmain---StressTest---debugmain---StressTest---debugmain---StressTest---debugmain---StressTest---debugmain---StressTest---debugmain---StressTest---debugmain---StressTest---debugmain---StressTest---debugmain---StressTest---debugmain---StressTest---debugmain---StressTest---debugmain---StressTest---debugmain---StressTest---debugmain---StressTest---debugmain---StressTest---debugmain---StressTest---debugmain---StressTest---debugmain---StressTest---debugmain---StressTest---debugmain---StressTest---debugmain---StressTest---debugmain---StressTest---debugmain---StressTest---debugmain---StressTest---debugmain---StressTest---debugmain---StressTest---debugmain---StressTest---debugmain---StressTest---debugmain---StressTest---debugmain---StressTest---debugmain---StressTest---debugmain---StressTest---debugmain---StressTest---debugmain---StressTest---debugmain---StressTest---debugmain---StressTest---debugmain---StressTest---debugmain---StressTest---debugmain---StressTest---debugmain---StressTest---debugmain---StressTest---debugmain---StressTest---debugmain---StressTest---debugmain---StressTest---debugmain---StressTest---debugmain---StressTest---debugmain---StressTest---debugmain---StressTest---debugmain---StressTest---debugmain---StressTest---debugmain---StressTest---debugmain---StressTest---debugmain---StressTest---debugmain---StressTest---debugmain---StressTest---debugmain---StressTest---debugmain---StressTest---debugmain---StressTest---debugmain---StressTest---debugmain---StressTest---debugmain---StressTest---debugmain---StressTest---debugmain---StressTest---debugmain---StressTest---debugmain---StressTest---debugmain---StressTest---debugmain---StressTest---debugmain---StressTest---debugmain---StressTest---debugmain---StressTest---debugmain---StressTest---debugmain---StressTest---debugmain---StressTest---debugmain---StressTest---debugmain---StressTest---debugmain---StressTest---debugmain---StressTest---debugmain---StressTest---debugmain---StressTest---debugmain---StressTest---debugmain---StressTest---debugmain---StressTest---debugmain---StressTest---debugmain---StressTest---debugmain---StressTest---debugmain---StressTest---debugmain---StressTest---debugmain---StressTest---debugmain---StressTest---debugmain---StressTest---debugmain---StressTest---debugmain---StressTest---debugmain---StressTest---debugmain---StressTest---debugmain---StressTest---debugmain---StressTest---debugmain---StressTest---debugmain---StressTest---debugmain---StressTest---debugmain---StressTest---debugmain---StressTest---debugmain---StressTest---debugmain---StressTest---debugmain---StressTest---debugmain---StressTest---debugmain---StressTest---debugmain---StressTest---debugmain---StressTest---debugmain---StressTest---debugmain---StressTest---debugmain---StressTest---debugmain---StressTest---debugmain---StressTest---debugmain---StressTest---debugmain---StressTest---debugmain---StressTest---debugmain---StressTest---debugmain---StressTest---debugmain---StressTest---debugmain---StressTest---debugmain---StressTest---debugmain---StressTest---debugmain---StressTest---debugmain---StressTest---debugmain---StressTest---debugmain---StressTest---debugmain---StressTest---debugmain---StressTest---debugmain---StressTest---debugmain---StressTest---debugmain---StressTest---debugmain---StressTest---debugmain---StressTest---debugmain---StressTest---debugmain---StressTest---debugmain---StressTest---debugmain---StressTest---debugmain---StressTest---debugmain---StressTest---debugmain---StressTest---debugmain---StressTest---debugmain---StressTest---debugmain---StressTest---debugmain---StressTest---debugmain---StressTest---debugmain---StressTest---debugmain---StressTest---debugmain---StressTest---debugmain---StressTest---debugmain---StressTest---debugmain---StressTest---debugmain---StressTest---debugmain---StressTest---debugmain---StressTest---debugmain---StressTest---debugmain---StressTest---debugmain---StressTest---debugmain---StressTest---debugmain---StressTest---debugmain---StressTest---debugmain---StressTest---debugmain---StressTest---debugmain---StressTest---debugmain---StressTest---debugmain---StressTest---debugmain---StressTest---debugmain---StressTest---debugmain---StressTest---debugmain---StressTest---debugmain---StressTest---debugmain---StressTest---debugmain---StressTest---debugmain---StressTest---debugmain---StressTest---debugmain---StressTest---debugmain---StressTest---debugmain---StressTest---debugmain---StressTest---debugmain---StressTest---debugmain---StressTest---debugmain---StressTest---debugmain---StressTest---debugmain---StressTest---debugmain---StressTest---debugmain---StressTest---debugmain---StressTest---debugmain---StressTest---debugmain---StressTest---debugmain---StressTest---debugmain---StressTest---debugmain---StressTest---debugmain---StressTest---debugmain---StressTest---debugmain---StressTest---debugmain---StressTest---debugmain---StressTest---debugmain---StressTest---debugmain---StressTest---debugmain---StressTest---debugmain---StressTest---debugmain---StressTest---debugmain---StressTest---debugmain---StressTest---debugmain---StressTest---debugmain---StressTest---debugmain---StressTest---debugmain---StressTest---debugmain---StressTest---debugmain---StressTest---debugmain---StressTest---debugmain---StressTest---debugmain---StressTest---debugmain---StressTest---debugmain---StressTest---debugmain---StressTest---debugmain---StressTest---debugmain---StressTest---debugmain---StressTest---debugmain---StressTest---debugmain---StressTest---debugmain---StressTest---debugmain---StressTest---debugmain---StressTest---debugmain---StressTest---debugmain---StressTest---debugmain---StressTest---debugmain---StressTest---debugmain---StressTest---debugmain---StressTest---debugmain---StressTest---debugmain---StressTest---debugmain---StressTest---debugmain---StressTest---debugmain---StressTest---debugmain---StressTest---debugmain---StressTest---debugmain---StressTest---debugmain---StressTest---debugmain---StressTest---debugmain---StressTest---debugmain---StressTest---debugmain---StressTest---debugmain---StressTest---debugmain---StressTest---debugmain---StressTest---debugmain---StressTest---debugmain---StressTest---debugmain---StressTest---debugmain---StressTest---debugmain---StressTest---debugmain---StressTest---debugmain---StressTest---debugmain---StressTest---debugmain---StressTest---debugmain---StressTest---debugmain---StressTest---debugmain---StressTest---debugmain---StressTest---debugmain---StressTest---debugmain---StressTest---debugmain---StressTest---debugmain---StressTest---debugmain---StressTest---debugmain---StressTest---debugmain---StressTest---debugmain---StressTest---debugmain---StressTest---debugmain---StressTest---debugmain---StressTest---debugmain---StressTest---debugmain---StressTest---debugmain---StressTest---debugmain---StressTest---debugmain---StressTest---debugmain---StressTest---debugmain---StressTest---debugmain---StressTest---debugmain---StressTest---debugmain---StressTest---debugmain---StressTest---debugmain---StressTest---debugmain---StressTest---debugmain---StressTest---debugmain---StressTest---debugmain---StressTest---debugmain---StressTest---debugmain---StressTest---debugmain---StressTest---debugmain---StressTest---debugmain---StressTest---debugmain---StressTest---debugmain---StressTest---debugmain---StressTest---debugmain---StressTest---debugmain---StressTest---debugmain---StressTest---debugmain---StressTest---debugmain---StressTest---debugmain---StressTest---debugmain---StressTest---debugmain---StressTest---debugmain---StressTest---debugmain---StressTest---debugmain---StressTest---debugmain---StressTest---debugmain---StressTest---debugmain---StressTest---debugmain---StressTest---debugmain---StressTest---debugmain---StressTest---debugmain---StressTest---debugmain---StressTest---debugmain---StressTest---debugmain---StressTest---debugmain---StressTest---debugmain---StressTest---debugmain---StressTest---debugmain---StressTest---debugmain---StressTest---debugmain---StressTest---debugmain---StressTest---debugmain---StressTest---debugmain---StressTest---debugmain---StressTest---debugmain---StressTest---debugmain---StressTest---debugmain---StressTest---debugmain---StressTest---debugmain---StressTest---debugmain---StressTest---debugmain---StressTest---debugmain---StressTest---debugmain---StressTest---debugmain---StressTest---debugmain---StressTest---debugmain---StressTest---debugmain---StressTest---debugmain---StressTest---debugmain---StressTest---debugmain---StressTest---debugmain---StressTest---debugmain---StressTest---debugmain---StressTest---debugmain---StressTest---debugmain---StressTest---debugmain---StressTest---debugmain---StressTest---debugmain---StressTest---debugmain---StressTest---debugmain---StressTest---debugmain---StressTest---debugmain---StressTest---debugmain---StressTest---debugmain---StressTest---debugmain---StressTest---debugmain---StressTest---debugmain---StressTest---debugmain---StressTest---debugmain---StressTest---debugmain---StressTest---debugmain---StressTest---debugmain---StressTest---debugmain---StressTest---debugmain---StressTest---debugmain---StressTest---debugmain---StressTest---debugmain---StressTest---debugmain---StressTest---debugmain---StressTest---debugmain---StressTest---debugmain---StressTest---debugmain---StressTest---debugmain---StressTest---debugmain---StressTest---debugmain---StressTest---debugmain---StressTest---debugmain---StressTest---debugmain---StressTest---debugmain---StressTest---debugmain---StressTest---debugmain---StressTest---debugmain---StressTest---debugmain---StressTest---debugmain---StressTest---debugmain---StressTest---debugmain---StressTest---debugmain---StressTest---debugmain---StressTest---debugmain---StressTest---debugmain---StressTest---debugmain---StressTest---debugmain---StressTest---debugmain---StressTest---debugmain---StressTest---debugmain---StressTest---debugmain---StressTest---debugmain---StressTest---debugmain---StressTest---debugmain---StressTest---debugmain---StressTest---debugmain---StressTest---debugmain---StressTest---debugmain---StressTest---debugmain---StressTest---debugmain---StressTest---debugmain---StressTest---debugmain---StressTest---debugmain---StressTest---debugmain---StressTest---debugmain---StressTest---debugmain---StressTest---debugmain---StressTest---debugmain---StressTest---debugmain---StressTest---debugmain---StressTest---debugmain---StressTest---debugmain---StressTest---debugmain---StressTest---debugmain---StressTest---debugmain---StressTest---debugmain---StressTest---debugmain---StressTest---debugmain---StressTest---debugmain---StressTest---debugmain---StressTest---debugmain---StressTest---debugmain---StressTest---debugmain---StressTest---debugmain---StressTest---debugmain---StressTest---debugmain---StressTest---debugmain---StressTest---debugmain---StressTest---debugmain---StressTest---debugmain---StressTest---debugmain---StressTest---debugmain---StressTest---debugmain---StressTest---debugmain---StressTest---debugmain---StressTest---debugmain---StressTest---debugmain---StressTest---debugmain---StressTest---debugmain---StressTest---debugmain---StressTest---debugmain---StressTest---debugmain---StressTest---debugmain---StressTest---debugmain---StressTest---debugmain---StressTest---debugmain---StressTest---debugmain---StressTest---debugmain---StressTest---debugmain---StressTest---debugmain---StressTest---debugmain---StressTest---debugmain---StressTest---debugmain---StressTest---debugmain---StressTest---debugmain---StressTest---debugmain---StressTest---debugmain---StressTest---debugmain---StressTest---debugmain---StressTest---debugmain---StressTest---debugmain---StressTest---debugmain---StressTest---debugmain---StressTest---debugmain---StressTest---debugmain---StressTest---debugmain---StressTest---debugmain---StressTest---debugmain---StressTest---debugmain---StressTest---debugmain---StressTest---debugmain---StressTest---debugmain---StressTest---debugmain---StressTest---debugmain---StressTest---debugmain---StressTest---debugmain---StressTest---debugmain---StressTest---debugmain---StressTest---debugmain---StressTest---debugmain---StressTest---debugmain---StressTest---debugmain---StressTest---debugmain---StressTest---debugmain---StressTest---debugmain---StressTest---debugmain---StressTest---debugmain---StressTest---debugmain---StressTest---debugmain---StressTest---debugmain---StressTest---debugmain---StressTest---debugmain---StressTest---debugmain---StressTest---debugmain---StressTest---debug]]></system-out>
  </testcase>
  <testcase name="fileAppenderTest[3]" classname="StressTest" time="0.007"/>
  <testcase name="patternLayoutTest[3]" classname="StressTest" time="0.001"/>
  <testcase name="beforeMaxSizeTest[3]" classname="StressTest" time="0.001"/>
  <testcase name="velocityLayoutTest[3]" classname="StressTest" time="0.001"/>
  <testcase name="memAppenderWithLinkedListTest[3]" classname="StressTest" time="0.0"/>
  <testcase name="afterMaxSizeTest[3]" classname="StressTest" time="0.0"/>
  <testcase name="parameterizedTest[3]" classname="StressTest" time="0.0"/>
</testsuite>